2025-11-16 23:25:11,251 - [Script 2] - INFO - AWS Bedrock and S3 clients initialized successfully
2025-11-16 23:25:11,251 - [Script 2] - INFO - ================================================================================
2025-11-16 23:25:11,251 - [Script 2] - INFO - Starting Script 2
2025-11-16 23:25:11,252 - [Script 2] - INFO - Page Range: 2,560 to 5,118
2025-11-16 23:25:11,252 - [Script 2] - INFO - Debugging Port: 9224
2025-11-16 23:25:11,253 - [Script 2] - INFO - Profile Directory: C:\Users\vinee\AppData\Local\Temp\chrome_profile_script_2_*
2025-11-16 23:25:11,253 - [Script 2] - INFO - ================================================================================
2025-11-16 23:25:11,253 - [Script 2] - INFO - Performing pre-launch cleanup...
2025-11-16 23:25:11,255 - [Script 2] - INFO - Performing pre-launch cleanup for Script 2
2025-11-16 23:25:12,313 - [Script 2] - INFO - Force cleaning Chrome processes for Script 2
2025-11-16 23:25:13,012 - [Script 2] - INFO - Pre-launch cleanup completed for Script 2
2025-11-16 23:25:13,012 - [Script 2] - INFO - Initializing browser...
2025-11-16 23:25:13,013 - [Script 2] - INFO - Attempting to create Chrome instance (attempt 1/5) for Script 2
2025-11-16 23:25:13,013 - [Script 2] - INFO - Profile directory: C:\Users\vinee\AppData\Local\Temp\chrome_profile_script_2_1763315713012_1988
2025-11-16 23:25:13,013 - [Script 2] - INFO - Debugging port: 9224
2025-11-16 23:25:13,013 - [Script 2] - INFO - Adding startup delay: 0.21 seconds
2025-11-16 23:25:14,793 - [Script 2] - INFO - Chrome instance created successfully for Script 2
2025-11-16 23:25:14,794 - [Script 2] - INFO - Navigating to https://judgments.ecourts.gov.in/pdfsearch/index.php
2025-11-16 23:25:25,115 - [Script 2] - INFO - Page loaded successfully.
2025-11-16 23:25:25,204 - [Script 2] - INFO - Captcha image saved as captcha_script_2.png
2025-11-16 23:25:25,205 - [Script 2] - INFO - Solving captcha...
2025-11-16 23:25:25,205 - [Script 2] - INFO - Attempting to solve captcha (attempt 1/15)...
2025-11-16 23:25:25,274 - [Script 2] - INFO - Captcha image captured
2025-11-16 23:25:26,459 - [Script 2] - INFO - Amazon Nova Lite Prediction: W5G8LL
2025-11-16 23:25:26,459 - [Script 2] - INFO - Filling captcha input field...
2025-11-16 23:25:26,537 - [Script 2] - INFO - Submitting the captcha...
2025-11-16 23:25:39,925 - [Script 2] - INFO - Captcha submitted successfully
2025-11-16 23:25:39,926 - [Script 2] - INFO - Captcha solved successfully
2025-11-16 23:25:39,926 - [Script 2] - INFO - Waiting for page to load...
2025-11-16 23:25:40,927 - [Script 2] - INFO - Waiting for loading modal to appear...
2025-11-16 23:25:51,288 - [Script 2] - INFO - Loading modal might not have appeared or was too quick: Message: 

2025-11-16 23:25:51,313 - [Script 2] - INFO - Page processing completed.
2025-11-16 23:25:53,468 - [Script 2] - INFO - Setting table display count to 100...
2025-11-16 23:25:53,468 - [Script 2] - INFO - Setting table display count to 100...
2025-11-16 23:25:54,604 - [Script 2] - INFO - Successfully set table display count to 100
2025-11-16 23:25:57,605 - [Script 2] - INFO - Starting page processing...
2025-11-16 23:25:57,605 - [Script 2] - INFO - Script execution started successfully
2025-11-16 23:25:57,607 - [Script 2] - INFO - Script 2 configured: Pages 2,560 to 5,118
2025-11-16 23:25:57,607 - [Script 2] - INFO - Total pages to process: 2,559
2025-11-16 23:25:57,630 - [Script 2] - INFO - Script 2: Resuming from page 2560
2025-11-16 23:25:57,632 - [Script 2] - INFO - Script 2 will process pages 2560 to 5118
2025-11-16 23:25:57,632 - [Script 2] - INFO - Starting new comprehensive PDF download process...
2025-11-16 23:25:57,634 - [Script 2] - INFO - Progress saved to D:\Judgements Scrapping\scrapping-app\scripts\script2\script2_progress.json
2025-11-16 23:25:57,635 - [Script 2] - INFO - Navigating to starting page 2560...
2025-11-16 23:26:05,665 - [Script 2] - INFO - Navigating to page 2560 using DataTables API...
2025-11-16 23:26:05,683 - [Script 2] - INFO - Using DataTables API to jump directly to page 2560
2025-11-16 23:26:24,081 - [Script 2] - INFO - ✓ Successfully navigated to page 2560
2025-11-16 23:26:24,083 - [Script 2] - INFO - 
=== Processing Page 2560 ===
2025-11-16 23:26:24,084 - [Script 2] - INFO - Progress: Page 2560 of 5118 (Script 2)
2025-11-16 23:26:24,084 - [Script 2] - INFO - Extracting table data...
2025-11-16 23:26:24,249 - [Script 2] - INFO - Extracted data for row 1: WPA/24207/2025 of MILAN KANTI PAL Vs STATE OF WEST...
2025-11-16 23:26:24,399 - [Script 2] - INFO - Extracted data for row 2: /21687/2025 of Nadeem Akhtar Vs The State of Bihar...
2025-11-16 23:26:24,485 - [Script 2] - INFO - Extracted data for row 3: WP(C)/1287/2024 of MOHAMMAD AYOUB PENCHOO Vs JAMMU...
2025-11-16 23:26:24,589 - [Script 2] - INFO - Extracted data for row 4: CRLMB/14377/2025 of ABHISHEK MEENA S/O SHRI KHEMCH...
2025-11-16 23:26:24,795 - [Script 2] - INFO - Extracted data for row 5: CRLMB/12160/2025 of EJAJ AHMAD BAGWAN S/O SHRI RAJ...
2025-11-16 23:26:24,883 - [Script 2] - INFO - Extracted data for row 6: ...
2025-11-16 23:26:24,982 - [Script 2] - INFO - Extracted data for row 7: ...
2025-11-16 23:26:25,085 - [Script 2] - INFO - Extracted data for row 8: ...
2025-11-16 23:26:25,164 - [Script 2] - INFO - Extracted data for row 9: ...
2025-11-16 23:26:25,257 - [Script 2] - INFO - Extracted data for row 10: ...
2025-11-16 23:26:25,350 - [Script 2] - INFO - Extracted data for row 11: ...
2025-11-16 23:26:25,429 - [Script 2] - INFO - Extracted data for row 12: ...
2025-11-16 23:26:25,512 - [Script 2] - INFO - Extracted data for row 13: ...
2025-11-16 23:26:25,591 - [Script 2] - INFO - Extracted data for row 14: ...
2025-11-16 23:26:25,675 - [Script 2] - INFO - Extracted data for row 15: ...
2025-11-16 23:26:25,762 - [Script 2] - INFO - Extracted data for row 16: ...
2025-11-16 23:26:25,845 - [Script 2] - INFO - Extracted data for row 17: ...
2025-11-16 23:26:25,932 - [Script 2] - INFO - Extracted data for row 18: ...
2025-11-16 23:26:26,023 - [Script 2] - INFO - Extracted data for row 19: ...
2025-11-16 23:26:26,122 - [Script 2] - INFO - Extracted data for row 20: ...
2025-11-16 23:26:26,217 - [Script 2] - INFO - Extracted data for row 21: ...
2025-11-16 23:26:26,310 - [Script 2] - INFO - Extracted data for row 22: ...
2025-11-16 23:26:26,425 - [Script 2] - INFO - Extracted data for row 23: ...
2025-11-16 23:26:26,537 - [Script 2] - INFO - Extracted data for row 24: ...
2025-11-16 23:26:26,632 - [Script 2] - INFO - Extracted data for row 25: ...
2025-11-16 23:26:26,734 - [Script 2] - INFO - Extracted data for row 26: ...
2025-11-16 23:26:26,830 - [Script 2] - INFO - Extracted data for row 27: ...
2025-11-16 23:26:26,936 - [Script 2] - INFO - Extracted data for row 28: ...
2025-11-16 23:26:27,025 - [Script 2] - INFO - Extracted data for row 29: ...
2025-11-16 23:26:27,114 - [Script 2] - INFO - Extracted data for row 30: ...
2025-11-16 23:26:27,197 - [Script 2] - INFO - Extracted data for row 31: ...
2025-11-16 23:26:27,285 - [Script 2] - INFO - Extracted data for row 32: ...
2025-11-16 23:26:27,382 - [Script 2] - INFO - Extracted data for row 33: ...
2025-11-16 23:26:27,507 - [Script 2] - INFO - Extracted data for row 34: ...
2025-11-16 23:26:27,588 - [Script 2] - INFO - Extracted data for row 35: ...
2025-11-16 23:26:27,670 - [Script 2] - INFO - Extracted data for row 36: ...
2025-11-16 23:26:27,751 - [Script 2] - INFO - Extracted data for row 37: ...
2025-11-16 23:26:27,827 - [Script 2] - INFO - Extracted data for row 38: ...
2025-11-16 23:26:27,911 - [Script 2] - INFO - Extracted data for row 39: ...
2025-11-16 23:26:27,993 - [Script 2] - INFO - Extracted data for row 40: ...
2025-11-16 23:26:28,085 - [Script 2] - INFO - Extracted data for row 41: ...
2025-11-16 23:26:28,172 - [Script 2] - INFO - Extracted data for row 42: ...
2025-11-16 23:26:28,249 - [Script 2] - INFO - Extracted data for row 43: ...
2025-11-16 23:26:28,347 - [Script 2] - INFO - Extracted data for row 44: ...
2025-11-16 23:26:28,450 - [Script 2] - INFO - Extracted data for row 45: ...
2025-11-16 23:26:28,527 - [Script 2] - INFO - Extracted data for row 46: ...
2025-11-16 23:26:28,614 - [Script 2] - INFO - Extracted data for row 47: ...
2025-11-16 23:26:28,752 - [Script 2] - INFO - Extracted data for row 48: ...
2025-11-16 23:26:28,878 - [Script 2] - INFO - Extracted data for row 49: ...
2025-11-16 23:26:28,952 - [Script 2] - INFO - Extracted data for row 50: ...
2025-11-16 23:26:29,033 - [Script 2] - INFO - Extracted data for row 51: ...
2025-11-16 23:26:29,113 - [Script 2] - INFO - Extracted data for row 52: ...
2025-11-16 23:26:29,211 - [Script 2] - INFO - Extracted data for row 53: ...
2025-11-16 23:26:29,317 - [Script 2] - INFO - Extracted data for row 54: ...
2025-11-16 23:26:29,434 - [Script 2] - INFO - Extracted data for row 55: ...
2025-11-16 23:26:29,601 - [Script 2] - INFO - Extracted data for row 56: ...
2025-11-16 23:26:29,752 - [Script 2] - INFO - Extracted data for row 57: ...
2025-11-16 23:26:29,861 - [Script 2] - INFO - Extracted data for row 58: ...
2025-11-16 23:26:29,947 - [Script 2] - INFO - Extracted data for row 59: ...
2025-11-16 23:26:30,031 - [Script 2] - INFO - Extracted data for row 60: ...
2025-11-16 23:26:30,116 - [Script 2] - INFO - Extracted data for row 61: ...
2025-11-16 23:26:30,196 - [Script 2] - INFO - Extracted data for row 62: ...
2025-11-16 23:26:30,287 - [Script 2] - INFO - Extracted data for row 63: ...
2025-11-16 23:26:30,384 - [Script 2] - INFO - Extracted data for row 64: ...
2025-11-16 23:26:30,472 - [Script 2] - INFO - Extracted data for row 65: ...
2025-11-16 23:26:30,561 - [Script 2] - INFO - Extracted data for row 66: ...
2025-11-16 23:26:30,640 - [Script 2] - INFO - Extracted data for row 67: ...
2025-11-16 23:26:30,718 - [Script 2] - INFO - Extracted data for row 68: ...
2025-11-16 23:26:30,816 - [Script 2] - INFO - Extracted data for row 69: ...
2025-11-16 23:26:30,951 - [Script 2] - INFO - Extracted data for row 70: ...
2025-11-16 23:26:31,076 - [Script 2] - INFO - Extracted data for row 71: ...
2025-11-16 23:26:31,187 - [Script 2] - INFO - Extracted data for row 72: ...
2025-11-16 23:26:31,271 - [Script 2] - INFO - Extracted data for row 73: ...
2025-11-16 23:26:31,358 - [Script 2] - INFO - Extracted data for row 74: ...
2025-11-16 23:26:31,442 - [Script 2] - INFO - Extracted data for row 75: ...
2025-11-16 23:26:31,515 - [Script 2] - INFO - Extracted data for row 76: ...
2025-11-16 23:26:31,586 - [Script 2] - INFO - Extracted data for row 77: ...
2025-11-16 23:26:31,667 - [Script 2] - INFO - Extracted data for row 78: ...
2025-11-16 23:26:31,750 - [Script 2] - INFO - Extracted data for row 79: ...
2025-11-16 23:26:31,826 - [Script 2] - INFO - Extracted data for row 80: ...
2025-11-16 23:26:31,899 - [Script 2] - INFO - Extracted data for row 81: ...
2025-11-16 23:26:31,971 - [Script 2] - INFO - Extracted data for row 82: ...
2025-11-16 23:26:32,043 - [Script 2] - INFO - Extracted data for row 83: ...
2025-11-16 23:26:32,114 - [Script 2] - INFO - Extracted data for row 84: ...
2025-11-16 23:26:32,186 - [Script 2] - INFO - Extracted data for row 85: ...
2025-11-16 23:26:32,274 - [Script 2] - INFO - Extracted data for row 86: ...
2025-11-16 23:26:32,377 - [Script 2] - INFO - Extracted data for row 87: ...
2025-11-16 23:26:32,450 - [Script 2] - INFO - Extracted data for row 88: ...
2025-11-16 23:26:32,534 - [Script 2] - INFO - Extracted data for row 89: ...
2025-11-16 23:26:32,613 - [Script 2] - INFO - Extracted data for row 90: ...
2025-11-16 23:26:32,697 - [Script 2] - INFO - Extracted data for row 91: ...
2025-11-16 23:26:32,784 - [Script 2] - INFO - Extracted data for row 92: ...
2025-11-16 23:26:32,857 - [Script 2] - INFO - Extracted data for row 93: ...
2025-11-16 23:26:32,948 - [Script 2] - INFO - Extracted data for row 94: ...
2025-11-16 23:26:33,035 - [Script 2] - INFO - Extracted data for row 95: ...
2025-11-16 23:26:33,125 - [Script 2] - INFO - Extracted data for row 96: ...
2025-11-16 23:26:33,238 - [Script 2] - INFO - Extracted data for row 97: ...
2025-11-16 23:26:33,348 - [Script 2] - INFO - Extracted data for row 98: ...
2025-11-16 23:26:33,424 - [Script 2] - INFO - Extracted data for row 99: ...
2025-11-16 23:26:33,502 - [Script 2] - INFO - Extracted data for row 100: ...
2025-11-16 23:26:33,502 - [Script 2] - INFO - Successfully extracted data for 100 judgments
2025-11-16 23:26:33,503 - [Script 2] - INFO - Found 100 judgments on page 2560
2025-11-16 23:26:33,503 - [Script 2] - INFO - 
--- Processing batch 1-25 on page 2560 (Total on page: 100) ---
2025-11-16 23:26:34,527 - [Script 2] - INFO - Processing file 1/100 on page 2560: WPA/24207/2025 of MILAN KANTI PAL Vs STATE OF WEST...
2025-11-16 23:26:34,528 - [Script 2] - INFO - Downloading PDF for: WPA/24207/2025 of MILAN KANTI PAL Vs STATE OF WEST...
2025-11-16 23:26:37,182 - [Script 2] - WARNING - Regular click failed, trying JavaScript click: Message: element click intercepted: Element <button type="button" role="link" class="btn btn-link p-0 text-start" id="link_0" aria-label="WPA/24207/2025 of MILAN KANTI PAL .Array[93]. STATE OF WEST BENGAL AND ORS. pdf" href="#" onclick="javascript:open_pdf('0','','court/cnrorders/calcutta_appellate_side/orders/WBCHCA0477242025_1_2025-11-14.pdf#page=&amp;search=%20');">...</button> is not clickable at point (382, 264). Other element would receive the click: <div class="modal-backdrop show"></div>
  (Session info: chrome=142.0.7444.136)
Stacktrace:
Symbols not available. Dumping unresolved backtrace:
	0x7ff6b5c6a235
	0x7ff6b59c2650
	0x7ff6b57516dd
	0x7ff6b57b24c9
	0x7ff6b57afe4e
	0x7ff6b57acd71
	0x7ff6b57abc10
	0x7ff6b579d3a8
	0x7ff6b57d2b0a
	0x7ff6b579cc36
	0x7ff6b57fbaba
	0x7ff6b579b0ed
	0x7ff6b579bf63
	0x7ff6b5c95d60
	0x7ff6b5c8fe8a
	0x7ff6b5cb1005
	0x7ff6b59dd73e
	0x7ff6b59e4e3f
	0x7ff6b59cb7e4
	0x7ff6b59cb99f
	0x7ff6b59b1908
	0x7ffa2783e8d7
	0x7ffa28f4c53c

2025-11-16 23:26:38,490 - [Script 2] - INFO - Modal appeared, waiting for PDF to load...
2025-11-16 23:26:41,504 - [Script 2] - INFO - Found 1 objects with selector: object[data*='.pdf']
2025-11-16 23:26:41,525 - [Script 2] - INFO - Object URL: https://judgments.ecourts.gov.in/pdfsearch/tmp/1dcd2fa2f8888a9de75dcd84e351829b51292c3ef4ed5f28341b64ad8f3adebc1763315792.pdf
2025-11-16 23:26:41,543 - [Script 2] - INFO - Attempting to download from: https://judgments.ecourts.gov.in/pdfsearch/tmp/1dcd2fa2f8888a9de75dcd84e351829b51292c3ef4ed5f28341b64ad8f3adebc1763315792.pdf
2025-11-16 23:26:48,147 - [Script 2] - INFO - Successfully fetched PDF content (75779 bytes)
2025-11-16 23:26:48,149 - [Script 2] - INFO - Successfully downloaded: WPA_24207_2025_of_MILAN_KANTI_PAL_Vs_STATE_OF_WEST_BENGAL_AND_ORS_CNR_WBCHCA0477242025_1763315784239.pdf
2025-11-16 23:26:48,160 - [Script 2] - ERROR -  EXCEPTION during PDF download
2025-11-16 23:26:48,162 - [Script 2] - ERROR -  Case: WPA/24207/2025 of MILAN KANTI PAL Vs STATE OF WEST
2025-11-16 23:26:48,163 - [Script 2] - ERROR -  CNR: WBCHCA0477242025
2025-11-16 23:26:48,164 - [Script 2] - ERROR -  Error: name 'INSTANCE_ID' is not defined
2025-11-16 23:26:48,164 - [Script 2] - ERROR -  Error type: NameError
2025-11-16 23:26:48,187 - [Script 2] - INFO - Found open modal, attempting to close...
2025-11-16 23:26:48,298 - [Script 2] - INFO - Modal close button clicked
2025-11-16 23:26:48,858 - [Script 2] - INFO - Modal closed successfully
2025-11-16 23:26:48,861 - [Script 2] - WARNING - Download failed, retry 1/2
2025-11-16 23:26:50,862 - [Script 2] - INFO - Downloading PDF for: WPA/24207/2025 of MILAN KANTI PAL Vs STATE OF WEST...
2025-11-16 23:26:53,529 - [Script 2] - WARNING - Regular click failed, trying JavaScript click: Message: element click intercepted: Element <button type="button" role="link" class="btn btn-link p-0 text-start" id="link_0" aria-label="WPA/24207/2025 of MILAN KANTI PAL .Array[93]. STATE OF WEST BENGAL AND ORS. pdf" href="#" onclick="javascript:open_pdf('0','','court/cnrorders/calcutta_appellate_side/orders/WBCHCA0477242025_1_2025-11-14.pdf#page=&amp;search=%20');">...</button> is not clickable at point (382, 264). Other element would receive the click: <div class="modal-backdrop show"></div>
  (Session info: chrome=142.0.7444.136)
Stacktrace:
Symbols not available. Dumping unresolved backtrace:
	0x7ff6b5c6a235
	0x7ff6b59c2650
	0x7ff6b57516dd
	0x7ff6b57b24c9
	0x7ff6b57afe4e
	0x7ff6b57acd71
	0x7ff6b57abc10
	0x7ff6b579d3a8
	0x7ff6b57d2b0a
	0x7ff6b579cc36
	0x7ff6b57fbaba
	0x7ff6b579b0ed
	0x7ff6b579bf63
	0x7ff6b5c95d60
	0x7ff6b5c8fe8a
	0x7ff6b5cb1005
	0x7ff6b59dd73e
	0x7ff6b59e4e3f
	0x7ff6b59cb7e4
	0x7ff6b59cb99f
	0x7ff6b59b1908
	0x7ffa2783e8d7
	0x7ffa28f4c53c

2025-11-16 23:26:54,147 - [Script 2] - INFO - Modal appeared, waiting for PDF to load...
2025-11-16 23:26:57,160 - [Script 2] - INFO - Found 1 objects with selector: object[data*='.pdf']
2025-11-16 23:26:57,186 - [Script 2] - INFO - Object URL: https://judgments.ecourts.gov.in/pdfsearch/tmp/11969d7233e75c5e4df72c7a5d3c5d653892721ad32053603c5f52c9e31777811763315809.pdf
2025-11-16 23:26:57,201 - [Script 2] - INFO - Attempting to download from: https://judgments.ecourts.gov.in/pdfsearch/tmp/11969d7233e75c5e4df72c7a5d3c5d653892721ad32053603c5f52c9e31777811763315809.pdf
2025-11-16 23:26:58,147 - [Script 2] - INFO - Successfully fetched PDF content (75779 bytes)
2025-11-16 23:26:58,149 - [Script 2] - INFO - Successfully downloaded: WPA_24207_2025_of_MILAN_KANTI_PAL_Vs_STATE_OF_WEST_BENGAL_AND_ORS_CNR_WBCHCA0477242025_1763315784239.pdf
2025-11-16 23:26:58,150 - [Script 2] - ERROR -  EXCEPTION during PDF download
2025-11-16 23:26:58,150 - [Script 2] - ERROR -  Case: WPA/24207/2025 of MILAN KANTI PAL Vs STATE OF WEST
2025-11-16 23:26:58,151 - [Script 2] - ERROR -  CNR: WBCHCA0477242025
2025-11-16 23:26:58,151 - [Script 2] - ERROR -  Error: name 'INSTANCE_ID' is not defined
2025-11-16 23:26:58,151 - [Script 2] - ERROR -  Error type: NameError
2025-11-16 23:26:58,171 - [Script 2] - INFO - Found open modal, attempting to close...
2025-11-16 23:26:58,255 - [Script 2] - INFO - Modal close button clicked
2025-11-16 23:26:58,821 - [Script 2] - INFO - Modal closed successfully
2025-11-16 23:26:58,823 - [Script 2] - WARNING - Download failed, retry 2/2
2025-11-16 23:27:00,824 - [Script 2] - ERROR - Failed to download: WPA/24207/2025 of MILAN KANTI PAL Vs STATE OF WEST
2025-11-16 23:27:00,825 - [Script 2] - INFO - Progress saved to D:\Judgements Scrapping\scrapping-app\scripts\script2\script2_progress.json
2025-11-16 23:27:00,826 - [Script 2] - INFO - Progress: 0 files downloaded | Elapsed: 63.19s | Avg: 0.00s/file
2025-11-16 23:27:01,827 - [Script 2] - INFO - Processing file 2/100 on page 2560: /21687/2025 of Nadeem Akhtar Vs The State of Bihar...
2025-11-16 23:27:01,828 - [Script 2] - INFO - Downloading PDF for: /21687/2025 of Nadeem Akhtar Vs The State of Bihar...
2025-11-16 23:27:04,531 - [Script 2] - WARNING - Regular click failed, trying JavaScript click: Message: element click intercepted: Element <button type="button" role="link" class="btn btn-link p-0 text-start" id="link_1" aria-label="/21687/2025 of Nadeem Akhtar .Array[93]. The State of Bihar pdf" href="#" onclick="javascript:open_pdf('1','','court/cnrorders/patnahcucisdb94/orders/BRHC010286072025_1_2025-08-01.pdf#page=&amp;search=%20');">...</button> is not clickable at point (296, 413). Other element would receive the click: <div class="modal-backdrop show"></div>
  (Session info: chrome=142.0.7444.136)
Stacktrace:
Symbols not available. Dumping unresolved backtrace:
	0x7ff6b5c6a235
	0x7ff6b59c2650
	0x7ff6b57516dd
	0x7ff6b57b24c9
	0x7ff6b57afe4e
	0x7ff6b57acd71
	0x7ff6b57abc10
	0x7ff6b579d3a8
	0x7ff6b57d2b0a
	0x7ff6b579cc36
	0x7ff6b57fbaba
	0x7ff6b579b0ed
	0x7ff6b579bf63
	0x7ff6b5c95d60
	0x7ff6b5c8fe8a
	0x7ff6b5cb1005
	0x7ff6b59dd73e
	0x7ff6b59e4e3f
	0x7ff6b59cb7e4
	0x7ff6b59cb99f
	0x7ff6b59b1908
	0x7ffa2783e8d7
	0x7ffa28f4c53c

2025-11-16 23:27:05,649 - [Script 2] - INFO - Modal appeared, waiting for PDF to load...
2025-11-16 23:27:08,664 - [Script 2] - INFO - Found 1 objects with selector: object[data*='.pdf']
2025-11-16 23:27:08,692 - [Script 2] - INFO - Object URL: https://judgments.ecourts.gov.in/pdfsearch/tmp/149613804f420c288537d9b1391801e0532b8ff73d4ff2f2d852f94a25b71dc31763315820.pdf
2025-11-16 23:27:08,714 - [Script 2] - INFO - Attempting to download from: https://judgments.ecourts.gov.in/pdfsearch/tmp/149613804f420c288537d9b1391801e0532b8ff73d4ff2f2d852f94a25b71dc31763315820.pdf
2025-11-16 23:27:09,781 - [Script 2] - INFO - Successfully fetched PDF content (71203 bytes)
2025-11-16 23:27:09,783 - [Script 2] - INFO - Successfully downloaded: 21687_2025_of_Nadeem_Akhtar_Vs_The_State_of_Bihar_CNR_BRHC010286072025_1763315784390.pdf
2025-11-16 23:27:09,783 - [Script 2] - ERROR -  EXCEPTION during PDF download
2025-11-16 23:27:09,783 - [Script 2] - ERROR -  Case: /21687/2025 of Nadeem Akhtar Vs The State of Bihar
2025-11-16 23:27:09,784 - [Script 2] - ERROR -  CNR: BRHC010286072025
2025-11-16 23:27:09,784 - [Script 2] - ERROR -  Error: name 'INSTANCE_ID' is not defined
2025-11-16 23:27:09,784 - [Script 2] - ERROR -  Error type: NameError
2025-11-16 23:27:09,815 - [Script 2] - INFO - Found open modal, attempting to close...
2025-11-16 23:27:09,918 - [Script 2] - INFO - Modal close button clicked
2025-11-16 23:27:10,468 - [Script 2] - INFO - Modal closed successfully
2025-11-16 23:27:10,470 - [Script 2] - WARNING - Download failed, retry 1/2
2025-11-16 23:27:12,471 - [Script 2] - INFO - Downloading PDF for: /21687/2025 of Nadeem Akhtar Vs The State of Bihar...
