2025-11-16 23:26:10,336 - [Script 4] - INFO - AWS Bedrock and S3 clients initialized successfully
2025-11-16 23:26:10,337 - [Script 4] - INFO - ================================================================================
2025-11-16 23:26:10,337 - [Script 4] - INFO - Starting Script 4
2025-11-16 23:26:10,338 - [Script 4] - INFO - Page Range: 7,678 to 10,236
2025-11-16 23:26:10,338 - [Script 4] - INFO - Debugging Port: 9226
2025-11-16 23:26:10,339 - [Script 4] - INFO - Profile Directory: C:\Users\vinee\AppData\Local\Temp\chrome_profile_script_4_*
2025-11-16 23:26:10,339 - [Script 4] - INFO - ================================================================================
2025-11-16 23:26:10,339 - [Script 4] - INFO - Performing pre-launch cleanup...
2025-11-16 23:26:10,339 - [Script 4] - INFO - Performing pre-launch cleanup for Script 4
2025-11-16 23:26:11,353 - [Script 4] - INFO - Force cleaning Chrome processes for Script 4
2025-11-16 23:26:12,009 - [Script 4] - INFO - Pre-launch cleanup completed for Script 4
2025-11-16 23:26:12,010 - [Script 4] - INFO - Initializing browser...
2025-11-16 23:26:12,010 - [Script 4] - INFO - Attempting to create Chrome instance (attempt 1/5) for Script 4
2025-11-16 23:26:12,010 - [Script 4] - INFO - Profile directory: C:\Users\vinee\AppData\Local\Temp\chrome_profile_script_4_1763315772010_5760
2025-11-16 23:26:12,010 - [Script 4] - INFO - Debugging port: 9226
2025-11-16 23:26:12,011 - [Script 4] - INFO - Adding startup delay: 0.89 seconds
2025-11-16 23:26:14,408 - [Script 4] - INFO - Chrome instance created successfully for Script 4
2025-11-16 23:26:14,408 - [Script 4] - INFO - Navigating to https://judgments.ecourts.gov.in/pdfsearch/index.php
2025-11-16 23:26:27,289 - [Script 4] - INFO - Page loaded successfully.
2025-11-16 23:26:27,353 - [Script 4] - INFO - Captcha image saved as captcha_script_4.png
2025-11-16 23:26:27,354 - [Script 4] - INFO - Solving captcha...
2025-11-16 23:26:27,354 - [Script 4] - INFO - Attempting to solve captcha (attempt 1/15)...
2025-11-16 23:26:27,424 - [Script 4] - INFO - Captcha image captured
2025-11-16 23:26:28,459 - [Script 4] - INFO - Amazon Nova Lite Prediction: KMNUGP
2025-11-16 23:26:28,459 - [Script 4] - INFO - Filling captcha input field...
2025-11-16 23:26:28,567 - [Script 4] - INFO - Submitting the captcha...
2025-11-16 23:26:30,644 - [Script 4] - WARNING - Captcha validation error detected!
2025-11-16 23:26:30,644 - [Script 4] - WARNING - Captcha validation failed on attempt 1
2025-11-16 23:26:30,699 - [Script 4] - INFO - Captcha error modal closed
2025-11-16 23:26:31,701 - [Script 4] - INFO - Refreshing page and retrying captcha...
2025-11-16 23:26:36,169 - [Script 4] - INFO - Attempting to solve captcha (attempt 2/15)...
2025-11-16 23:26:36,234 - [Script 4] - INFO - Captcha image captured
2025-11-16 23:26:36,994 - [Script 4] - INFO - Amazon Nova Lite Prediction: PCVMED
2025-11-16 23:26:36,995 - [Script 4] - INFO - Filling captcha input field...
2025-11-16 23:26:37,061 - [Script 4] - INFO - Submitting the captcha...
2025-11-16 23:26:39,120 - [Script 4] - WARNING - Captcha validation error detected!
2025-11-16 23:26:39,124 - [Script 4] - WARNING - Captcha validation failed on attempt 2
2025-11-16 23:26:39,170 - [Script 4] - INFO - Captcha error modal closed
2025-11-16 23:26:40,170 - [Script 4] - INFO - Refreshing page and retrying captcha...
2025-11-16 23:26:43,662 - [Script 4] - INFO - Attempting to solve captcha (attempt 3/15)...
2025-11-16 23:26:43,720 - [Script 4] - INFO - Captcha image captured
2025-11-16 23:26:46,212 - [Script 4] - INFO - Amazon Nova Lite Prediction: EcaAdT
2025-11-16 23:26:46,212 - [Script 4] - INFO - Filling captcha input field...
2025-11-16 23:26:46,291 - [Script 4] - INFO - Submitting the captcha...
2025-11-16 23:26:48,346 - [Script 4] - WARNING - Captcha validation error detected!
2025-11-16 23:26:48,346 - [Script 4] - WARNING - Captcha validation failed on attempt 3
2025-11-16 23:26:48,426 - [Script 4] - INFO - Captcha error modal closed
2025-11-16 23:26:49,426 - [Script 4] - INFO - Refreshing page and retrying captcha...
2025-11-16 23:26:53,317 - [Script 4] - INFO - Attempting to solve captcha (attempt 4/15)...
2025-11-16 23:26:53,385 - [Script 4] - INFO - Captcha image captured
2025-11-16 23:26:54,116 - [Script 4] - INFO - Amazon Nova Lite Prediction: yeAKkP
2025-11-16 23:26:54,117 - [Script 4] - INFO - Filling captcha input field...
2025-11-16 23:26:54,235 - [Script 4] - INFO - Submitting the captcha...
2025-11-16 23:26:58,639 - [Script 4] - INFO - Captcha submitted successfully
2025-11-16 23:26:58,639 - [Script 4] - INFO - Captcha solved successfully
2025-11-16 23:26:58,639 - [Script 4] - INFO - Waiting for page to load...
2025-11-16 23:26:59,640 - [Script 4] - INFO - Waiting for loading modal to appear...
2025-11-16 23:27:08,248 - [Script 4] - INFO - Loading modal appeared, waiting for it to disappear...
2025-11-16 23:27:08,791 - [Script 4] - INFO - Loading modal disappeared.
2025-11-16 23:27:08,809 - [Script 4] - INFO - Page processing completed.
2025-11-16 23:27:11,063 - [Script 4] - INFO - Setting table display count to 100...
2025-11-16 23:27:11,063 - [Script 4] - INFO - Setting table display count to 100...
2025-11-16 23:27:12,273 - [Script 4] - INFO - Successfully set table display count to 100
2025-11-16 23:27:15,273 - [Script 4] - INFO - Starting page processing...
2025-11-16 23:27:15,274 - [Script 4] - INFO - Script execution started successfully
2025-11-16 23:27:15,275 - [Script 4] - INFO - Script 4 configured: Pages 7,678 to 10,236
2025-11-16 23:27:15,275 - [Script 4] - INFO - Total pages to process: 2,559
2025-11-16 23:27:15,295 - [Script 4] - INFO - Script 4: Resuming from page 7678
2025-11-16 23:27:15,295 - [Script 4] - INFO - Script 4 will process pages 7678 to 10236
2025-11-16 23:27:15,296 - [Script 4] - INFO - Starting new comprehensive PDF download process...
2025-11-16 23:27:15,298 - [Script 4] - INFO - Progress saved to D:\Judgements Scrapping\scrapping-app\scripts\script4\script4_progress.json
2025-11-16 23:27:15,299 - [Script 4] - INFO - Navigating to starting page 7678...
2025-11-16 23:27:15,540 - [Script 4] - WARNING - Retrying (Retry(total=2, connect=None, read=None, redirect=None, status=None)) after connection broken by 'ConnectionResetError(10054, 'An existing connection was forcibly closed by the remote host', None, 10054, None)': /session/6a6e803c2fa8984f1f247da20c7c8e78/url
