2025-11-16 23:20:26,150 - [Script 1] - INFO - AWS Bedrock and S3 clients initialized successfully
2025-11-16 23:20:26,151 - [Script 1] - INFO - ================================================================================
2025-11-16 23:20:26,151 - [Script 1] - INFO - Starting Script 1
2025-11-16 23:20:26,151 - [Script 1] - INFO - Page Range: 1 to 2,559
2025-11-16 23:20:26,151 - [Script 1] - INFO - Debugging Port: 9223
2025-11-16 23:20:26,152 - [Script 1] - INFO - Profile Directory: C:\Users\vinee\AppData\Local\Temp\chrome_profile_script_1_*
2025-11-16 23:20:26,152 - [Script 1] - INFO - ================================================================================
2025-11-16 23:20:26,152 - [Script 1] - INFO - Performing pre-launch cleanup...
2025-11-16 23:20:26,153 - [Script 1] - INFO - Performing pre-launch cleanup for Script 1
2025-11-16 23:20:27,276 - [Script 1] - INFO - Force cleaning Chrome processes for Script 1
2025-11-16 23:20:27,842 - [Script 1] - INFO - Pre-launch cleanup completed for Script 1
2025-11-16 23:20:27,843 - [Script 1] - INFO - Initializing browser...
2025-11-16 23:20:27,843 - [Script 1] - INFO - Attempting to create Chrome instance (attempt 1/5) for Script 1
2025-11-16 23:20:27,843 - [Script 1] - INFO - Profile directory: C:\Users\vinee\AppData\Local\Temp\chrome_profile_script_1_1763315427843_1218
2025-11-16 23:20:27,844 - [Script 1] - INFO - Debugging port: 9223
2025-11-16 23:20:27,844 - [Script 1] - INFO - Adding startup delay: 0.09 seconds
2025-11-16 23:20:29,631 - [Script 1] - INFO - Chrome instance created successfully for Script 1
2025-11-16 23:20:29,631 - [Script 1] - INFO - Navigating to https://judgments.ecourts.gov.in/pdfsearch/index.php
2025-11-16 23:20:32,346 - [Script 1] - INFO - Page loaded successfully.
2025-11-16 23:20:32,404 - [Script 1] - INFO - Captcha image saved as captcha_script_1.png
2025-11-16 23:20:32,405 - [Script 1] - INFO - Solving captcha...
2025-11-16 23:20:32,405 - [Script 1] - INFO - Attempting to solve captcha (attempt 1/15)...
2025-11-16 23:20:32,454 - [Script 1] - INFO - Captcha image captured
2025-11-16 23:20:33,485 - [Script 1] - INFO - Amazon Nova Lite Prediction: rKHP9N
2025-11-16 23:20:33,485 - [Script 1] - INFO - Filling captcha input field...
2025-11-16 23:20:33,578 - [Script 1] - INFO - Submitting the captcha...
2025-11-16 23:20:36,497 - [Script 1] - INFO - Captcha submitted successfully
2025-11-16 23:20:36,497 - [Script 1] - INFO - Captcha solved successfully
2025-11-16 23:20:36,498 - [Script 1] - INFO - Waiting for page to load...
2025-11-16 23:20:37,498 - [Script 1] - INFO - Waiting for loading modal to appear...
2025-11-16 23:20:47,775 - [Script 1] - INFO - Loading modal might not have appeared or was too quick: Message: 

2025-11-16 23:20:47,787 - [Script 1] - INFO - Page processing completed.
2025-11-16 23:20:49,881 - [Script 1] - INFO - Setting table display count to 100...
2025-11-16 23:20:49,881 - [Script 1] - INFO - Setting table display count to 100...
2025-11-16 23:20:50,988 - [Script 1] - INFO - Successfully set table display count to 100
2025-11-16 23:20:53,990 - [Script 1] - INFO - Starting page processing...
2025-11-16 23:20:53,990 - [Script 1] - INFO - Script execution started successfully
2025-11-16 23:20:53,990 - [Script 1] - INFO - Script 1 configured: Pages 1 to 2,559
2025-11-16 23:20:53,991 - [Script 1] - INFO - Total pages to process: 2,559
2025-11-16 23:20:54,009 - [Script 1] - INFO - Script 1: Resuming from page 1
2025-11-16 23:20:54,009 - [Script 1] - INFO - Script 1 will process pages 1 to 2559
2025-11-16 23:20:54,009 - [Script 1] - INFO - Starting new comprehensive PDF download process...
2025-11-16 23:20:54,010 - [Script 1] - INFO - Progress saved to d:\Judgements Scrapping\scrapping-app\scripts\script1\script1_progress.json
2025-11-16 23:20:54,010 - [Script 1] - INFO - 
=== Processing Page 1 ===
2025-11-16 23:20:54,010 - [Script 1] - INFO - Progress: Page 1 of 2559 (Script 1)
2025-11-16 23:20:54,010 - [Script 1] - INFO - Extracting table data...
2025-11-16 23:20:54,571 - [Script 1] - INFO - Extracted data for row 1: WP/12923/2016 of M. SEENAPPA, CHITTOOR DIST AND 3 ...
2025-11-16 23:20:54,640 - [Script 1] - INFO - Extracted data for row 2: WP(C)/1506/2023 of KEFAYAT AHMAD SOFI Vs UNION TER...
2025-11-16 23:20:54,688 - [Script 1] - INFO - Extracted data for row 3: WP(C)/2394/2023 of KEFAYAT AHMAD SOFI Vs UNION TER...
2025-11-16 23:20:54,748 - [Script 1] - INFO - Extracted data for row 4: APPLN/3569/2024 of TUSHAR SUDAMRAO SELUKAR AND ANO...
2025-11-16 23:20:54,805 - [Script 1] - INFO - Extracted data for row 5: SA/71/2025 of SANTANA HAZRA Vs SAMARJIT BOURI KSHE...
2025-11-16 23:20:54,862 - [Script 1] - INFO - Extracted data for row 6: CR. MISC./58558/2025 of Rohan Kumar Vs The State o...
2025-11-16 23:20:54,906 - [Script 1] - INFO - Extracted data for row 7: CR. MISC./66891/2025 of Arun Kumar Gautam Vs The S...
2025-11-16 23:20:54,955 - [Script 1] - INFO - Extracted data for row 8: CR. MISC./45185/2025 of Arvind Kumar @ Arvind Kuma...
2025-11-16 23:20:55,017 - [Script 1] - INFO - Extracted data for row 9: CWJC/9309/2022 of Pramod Kumar Mishra Vs The State...
2025-11-16 23:20:55,076 - [Script 1] - INFO - Extracted data for row 10: CR. MISC./51682/2025 of Kranti Devi @ Khranti Devi...
2025-11-16 23:20:55,165 - [Script 1] - INFO - Extracted data for row 11: CR. MISC./58263/2025 of Divyanshu Kumar @ Divyansh...
2025-11-16 23:20:55,227 - [Script 1] - INFO - Extracted data for row 12: CR. MISC./52237/2025 of Aakash Kumar Vs The State ...
2025-11-16 23:20:55,276 - [Script 1] - INFO - Extracted data for row 13: CR. MISC./58556/2025 of Ramanand Thakur Vs The Sta...
2025-11-16 23:20:55,325 - [Script 1] - INFO - Extracted data for row 14: MCA/54/2021 of DEEPAK MATHKAR Vs THE MAPUSA URBAN ...
2025-11-16 23:20:55,369 - [Script 1] - INFO - Extracted data for row 15: WPCR/81/2025 of Hemant Kambli Vs The State of Goa ...
2025-11-16 23:20:55,410 - [Script 1] - INFO - Extracted data for row 16: BA1/2095/2025 of MOHD RASHID Vs STATE OF UTTARAKHA...
2025-11-16 23:20:55,455 - [Script 1] - INFO - Extracted data for row 17: CR. MISC./52353/2025 of Sanjay Patel @ Sanjay Chau...
2025-11-16 23:20:55,497 - [Script 1] - INFO - Extracted data for row 18: CR. MISC./58511/2025 of Gultan Kumar @ Gulshan Kum...
2025-11-16 23:20:55,543 - [Script 1] - INFO - Extracted data for row 19: CR. MISC./52338/2025 of ARUN KUMAR SINGH @ ARUN SI...
2025-11-16 23:20:55,594 - [Script 1] - INFO - Extracted data for row 20: CR. MISC./64965/2025 of Guddu Kumar Vs The State o...
2025-11-16 23:20:55,642 - [Script 1] - INFO - Extracted data for row 21: CR. MISC./61731/2025 of Babloo Yadav Vs The State ...
2025-11-16 23:20:55,684 - [Script 1] - INFO - Extracted data for row 22: BA1/1059/2025 of BABLU Vs STATE OF UTTARAKHAND...
2025-11-16 23:20:55,727 - [Script 1] - INFO - Extracted data for row 23: MCA/311/2025 of CEDRIC DE SOUZA FARIA Vs IRIS DE S...
2025-11-16 23:20:55,770 - [Script 1] - INFO - Extracted data for row 24: CR. MISC./68380/2025 of Md. Zubair Vs The State of...
2025-11-16 23:20:55,811 - [Script 1] - INFO - Extracted data for row 25: CR. MISC./45237/2025 of Shyam Kumar Vs The State o...
2025-11-16 23:20:55,853 - [Script 1] - INFO - Extracted data for row 26: CWJC/15783/2025 of Bansh Narayan Upadhyay Vs The S...
2025-11-16 23:20:55,895 - [Script 1] - INFO - Extracted data for row 27: CR. MISC./45282/2025 of Brijnandan Yadav @ Brajnan...
2025-11-16 23:20:55,937 - [Script 1] - INFO - Extracted data for row 28: CR. MISC./58195/2025 of Amit Singh @ Amit Kumar Si...
2025-11-16 23:20:55,978 - [Script 1] - INFO - Extracted data for row 29: CR. MISC./45782/2025 of Chanchal Devi Vs The State...
2025-11-16 23:20:56,017 - [Script 1] - INFO - Extracted data for row 30: CR. MISC./53591/2025 of Mahendra Singh Vs The Stat...
2025-11-16 23:20:56,058 - [Script 1] - INFO - Extracted data for row 31: WP/428/2025 of DEVANAND A. NAIK AND 11 ORS Vs STAT...
2025-11-16 23:20:56,103 - [Script 1] - INFO - Extracted data for row 32: CR. MISC./45124/2025 of Jageshwar Yadav Vs The Sta...
2025-11-16 23:20:56,144 - [Script 1] - INFO - Extracted data for row 33: CR. MISC./45712/2025 of Sonu Kumar Vs The State of...
2025-11-16 23:20:56,188 - [Script 1] - INFO - Extracted data for row 34: CR. MISC./51937/2025 of Nitish Kumar Sah @ Nitish ...
2025-11-16 23:20:56,232 - [Script 1] - INFO - Extracted data for row 35: CR. MISC./46732/2025 of Archana Kumari Vs The Stat...
2025-11-16 23:20:56,274 - [Script 1] - INFO - Extracted data for row 36: CR. MISC./57547/2025 of Ashok Paswan Vs The State ...
2025-11-16 23:20:56,316 - [Script 1] - INFO - Extracted data for row 37: CR. MISC./64646/2025 of Bhim Rai @ Rajan Kumar @ B...
2025-11-16 23:20:56,357 - [Script 1] - INFO - Extracted data for row 38: CR. MISC./58756/2025 of Prabhu Sah Vs The State of...
2025-11-16 23:20:56,398 - [Script 1] - INFO - Extracted data for row 39: CR. MISC./51449/2025 of Bhola Prasad Vs The State ...
2025-11-16 23:20:56,439 - [Script 1] - INFO - Extracted data for row 40: CR. MISC./52909/2025 of Bhola Singh @ Sheo Shankar...
2025-11-16 23:20:56,480 - [Script 1] - INFO - Extracted data for row 41: CR. MISC./58567/2025 of Dhannu Miyan @ Amirjad Aha...
2025-11-16 23:20:56,522 - [Script 1] - INFO - Extracted data for row 42: CR. MISC./51966/2025 of Mahboob Alam @ Lal Khan Vs...
2025-11-16 23:20:56,563 - [Script 1] - INFO - Extracted data for row 43: CR. MISC./58765/2025 of Pravesh Sao Vs The State o...
2025-11-16 23:20:56,604 - [Script 1] - INFO - Extracted data for row 44: CR. MISC./58740/2025 of Govind Mahto Vs The State ...
2025-11-16 23:20:56,645 - [Script 1] - INFO - Extracted data for row 45: CR. MISC./67798/2025 of Vinod Chaudhary Vs The Sta...
2025-11-16 23:20:56,686 - [Script 1] - INFO - Extracted data for row 46: CR. MISC./46384/2025 of Nitish Kumar Vs The State ...
2025-11-16 23:20:56,726 - [Script 1] - INFO - Extracted data for row 47: CR. MISC./51554/2025 of Prince Kumar Yadav @ Princ...
2025-11-16 23:20:56,767 - [Script 1] - INFO - Extracted data for row 48: CR. MISC./45660/2025 of Rita Kumari Vs The State o...
2025-11-16 23:20:56,808 - [Script 1] - INFO - Extracted data for row 49: CR. MISC./51823/2025 of Anil Kumar @ Anil Yadav Vs...
2025-11-16 23:20:56,849 - [Script 1] - INFO - Extracted data for row 50: CR. MISC./58630/2025 of Md. Hamid Hussain @ Sonu V...
2025-11-16 23:20:56,889 - [Script 1] - INFO - Extracted data for row 51: BA1/2093/2025 of TASLEEM KHAN Vs STATE OF UTTARAKH...
2025-11-16 23:20:56,931 - [Script 1] - INFO - Extracted data for row 52: CR. MISC./55371/2025 of Rais Sah Vs The State of B...
2025-11-16 23:20:56,973 - [Script 1] - INFO - Extracted data for row 53: CR. MISC./58264/2025 of Ravindra Rai @ Bablu Vs Th...
2025-11-16 23:20:57,015 - [Script 1] - INFO - Extracted data for row 54: CR. MISC./61193/2025 of Jitendra Paswan Vs The Sta...
2025-11-16 23:20:57,055 - [Script 1] - INFO - Extracted data for row 55: CR. MISC./45158/2025 of Sawita Devi @ Savita Devi ...
2025-11-16 23:20:57,097 - [Script 1] - INFO - Extracted data for row 56: CR. MISC./46405/2025 of Chandan Kumar Bharti Vs Th...
2025-11-16 23:20:57,136 - [Script 1] - INFO - Extracted data for row 57: CR. MISC./58225/2025 of Rajo Rishi Vs The State of...
2025-11-16 23:20:57,180 - [Script 1] - INFO - Extracted data for row 58: CR. MISC./46001/2025 of Brajesh Jha @ Mankhush Jha...
2025-11-16 23:20:57,221 - [Script 1] - INFO - Extracted data for row 59: CR. MISC./58760/2025 of Chandrashekhar Kumar Vs Th...
2025-11-16 23:20:57,262 - [Script 1] - INFO - Extracted data for row 60: CR. MISC./51922/2025 of Sonu Kumar @ Sandip @ Sand...
2025-11-16 23:20:57,302 - [Script 1] - INFO - Extracted data for row 61: CR. MISC./46332/2025 of Kamli Devi Vs The State of...
2025-11-16 23:20:57,343 - [Script 1] - INFO - Extracted data for row 62: CR. MISC./46411/2025 of Bina Devi Vs The State of ...
2025-11-16 23:20:57,386 - [Script 1] - INFO - Extracted data for row 63: CR. MISC./51736/2025 of Baidyanath Mukhiya Vs The ...
2025-11-16 23:20:57,427 - [Script 1] - INFO - Extracted data for row 64: CR. MISC./45867/2025 of Amin Khan Vs The State of ...
2025-11-16 23:20:57,468 - [Script 1] - INFO - Extracted data for row 65: CR. MISC./58198/2025 of MD. ALAUDDIN ANSARI @ ALAU...
2025-11-16 23:20:57,519 - [Script 1] - INFO - Extracted data for row 66: CWJC/15588/2025 of Manoj Kumar Vs The State of Bih...
2025-11-16 23:20:57,560 - [Script 1] - INFO - Extracted data for row 67: CR. MISC./51870/2025 of Chandan kumar Vs The State...
2025-11-16 23:20:57,601 - [Script 1] - INFO - Extracted data for row 68: CR. MISC./51926/2025 of RAJNIKANT GUPTA @ RAJNIKAN...
2025-11-16 23:20:57,644 - [Script 1] - INFO - Extracted data for row 69: MCA/400/2024 of JUINO DE SOUZA Vs STATE OF GOA, TH...
2025-11-16 23:20:57,686 - [Script 1] - INFO - Extracted data for row 70: CWJC/15649/2025 of Anita Devi Vs The State of Biha...
2025-11-16 23:20:57,729 - [Script 1] - INFO - Extracted data for row 71: CR. MISC./58193/2025 of Chandan Kumar Yadav Vs The...
2025-11-16 23:20:57,770 - [Script 1] - INFO - Extracted data for row 72: CR. MISC./58548/2025 of Rishi Lal Sharma Vs The St...
2025-11-16 23:20:57,813 - [Script 1] - INFO - Extracted data for row 73: CR. MISC./78971/2025 of Amirullah Ansari @ Alam Vs...
2025-11-16 23:20:57,855 - [Script 1] - INFO - Extracted data for row 74: MCA/313/2025 of AMITA ANKUSH RAUL Vs JAYKARAN MALL...
2025-11-16 23:20:57,895 - [Script 1] - INFO - Extracted data for row 75: MCA/312/2025 of CEDRIC DE SOUZA FARIA Vs IRIS DE S...
2025-11-16 23:20:57,937 - [Script 1] - INFO - Extracted data for row 76: CR. MISC./64602/2025 of Vivek Kumar Vs The State o...
2025-11-16 23:20:57,979 - [Script 1] - INFO - Extracted data for row 77: ALP/147/2023 of RAMAKANT GANGADHAR SURKUTWAR Vs GA...
2025-11-16 23:20:58,019 - [Script 1] - INFO - Extracted data for row 78: MCA/529/2025 of SUHAS LAXMAN GADE Vs STATE OF MAHA...
2025-11-16 23:20:58,060 - [Script 1] - INFO - Extracted data for row 79: CAW/2243/2025 of AUGUSTINE S/O. ANTHONY THOMAS Vs ...
2025-11-16 23:20:58,102 - [Script 1] - INFO - Extracted data for row 80: CRM-M/53793/2025 of BALWANT SINGH Vs STATE OF PUNJ...
2025-11-16 23:20:58,151 - [Script 1] - INFO - Extracted data for row 81: COCP/400/2024 of JASWANT SINGH AND ORS. Vs MAHAVIR...
2025-11-16 23:20:58,192 - [Script 1] - INFO - Extracted data for row 82: CWP/32957/2025 of DR RITU MITTAL AND ANOTHER Vs PA...
2025-11-16 23:20:58,236 - [Script 1] - INFO - Extracted data for row 83: CRM-M/62862/2025 of JASPAL SINGH ALIAS MANI Vs STA...
2025-11-16 23:20:58,277 - [Script 1] - INFO - Extracted data for row 84: CRLW/1145/2025 of KAJAL W/O DHARMENDRA SINGH, D/O ...
2025-11-16 23:20:58,319 - [Script 1] - INFO - Extracted data for row 85: CR. MISC./70465/2025 of Suraj Singh Vs The State o...
2025-11-16 23:20:58,361 - [Script 1] - INFO - Extracted data for row 86: CR. MISC./56695/2025 of Ajay Das @ Ajay Kumar @ Aj...
2025-11-16 23:20:58,412 - [Script 1] - INFO - Extracted data for row 87: CR. MISC./63283/2025 of Natwar Choudhary @ Natwar ...
2025-11-16 23:20:58,453 - [Script 1] - INFO - Extracted data for row 88: MJC/409/2025 of Md. Naeem Vs The State of Bihar...
2025-11-16 23:20:58,494 - [Script 1] - INFO - Extracted data for row 89: CR. MISC./48994/2025 of Aman Sharma @ Aman Akash S...
2025-11-16 23:20:58,536 - [Script 1] - INFO - Extracted data for row 90: CR. APP (SJ)/5289/2024 of Satyendra Kumar Vs The S...
2025-11-16 23:20:58,577 - [Script 1] - INFO - Extracted data for row 91: FAO/37/2015 of SEEMA NEPALI Vs SHIV LAL...
2025-11-16 23:20:58,619 - [Script 1] - INFO - Extracted data for row 92: CRLP/14355/2025 of Gogu Rambabu Vs The State Of Te...
2025-11-16 23:20:58,662 - [Script 1] - INFO - Extracted data for row 93: CRLP/14195/2025 of Saurav Kumar Gupta Vs State of ...
2025-11-16 23:20:58,702 - [Script 1] - INFO - Extracted data for row 94: CRLP/14159/2025 of Bhasyam Venkat Mohit Kumar Vs T...
2025-11-16 23:20:58,744 - [Script 1] - INFO - Extracted data for row 95: CRLP/13914/2025 of Konduru Imtiyaz Vs The State of...
2025-11-16 23:20:58,797 - [Script 1] - INFO - Extracted data for row 96: ABLAPL/11987/2025 of ASHOK KUMAR ROUT Vs STATE OF ...
2025-11-16 23:20:58,844 - [Script 1] - INFO - Extracted data for row 97: WPA/2684/2025 of JANARUL SHAIKH Vs THE STATE OF WE...
2025-11-16 23:20:58,885 - [Script 1] - INFO - Extracted data for row 98: WPA/9399/2025 of MOKSHED SK. Vs STATE OF WEST BENG...
2025-11-16 23:20:58,926 - [Script 1] - INFO - Extracted data for row 99: CPAN/443/2025 of SWAPNA ROYCHOWDHURY AND ORS Vs SH...
2025-11-16 23:20:58,969 - [Script 1] - INFO - Extracted data for row 100: WPA/1791/2025 of R.B. CONSTRUCTION Vs THE STATE OF...
2025-11-16 23:20:58,969 - [Script 1] - INFO - Successfully extracted data for 100 judgments
2025-11-16 23:20:58,969 - [Script 1] - INFO - Found 100 judgments on page 1
2025-11-16 23:20:58,969 - [Script 1] - INFO - 
--- Processing batch 1-25 on page 1 (Total on page: 100) ---
2025-11-16 23:20:59,980 - [Script 1] - INFO - Processing file 1/100 on page 1: WP/12923/2016 of M. SEENAPPA, CHITTOOR DIST AND 3 ...
2025-11-16 23:20:59,981 - [Script 1] - INFO - Downloading PDF for: WP/12923/2016 of M. SEENAPPA, CHITTOOR DIST AND 3 ...
2025-11-16 23:21:01,859 - [Script 1] - INFO - \nScript interrupted by user
2025-11-16 23:21:01,860 - [Script 1] - INFO - Cleaning up browser resources for Script 1
2025-11-16 23:21:01,870 - [Script 1] - WARNING - Retrying (Retry(total=2, connect=None, read=None, redirect=None, status=None)) after connection broken by 'ConnectionResetError(10054, 'An existing connection was forcibly closed by the remote host', None, 10054, None)': /session/2e5a3d6b5074c1695443179a5d55f34f
2025-11-16 23:21:05,952 - [Script 1] - WARNING - Retrying (Retry(total=1, connect=None, read=None, redirect=None, status=None)) after connection broken by 'NewConnectionError('<urllib3.connection.HTTPConnection object at 0x0000016ABDBDBB10>: Failed to establish a new connection: [WinError 10061] No connection could be made because the target machine actively refused it')': /session/2e5a3d6b5074c1695443179a5d55f34f
2025-11-16 23:24:55,360 - [Script 1] - INFO - AWS Bedrock and S3 clients initialized successfully
2025-11-16 23:24:55,362 - [Script 1] - INFO - ================================================================================
2025-11-16 23:24:55,363 - [Script 1] - INFO - Starting Script 1
2025-11-16 23:24:55,363 - [Script 1] - INFO - Page Range: 1 to 2,559
2025-11-16 23:24:55,363 - [Script 1] - INFO - Debugging Port: 9223
2025-11-16 23:24:55,364 - [Script 1] - INFO - Profile Directory: C:\Users\vinee\AppData\Local\Temp\chrome_profile_script_1_*
2025-11-16 23:24:55,364 - [Script 1] - INFO - ================================================================================
2025-11-16 23:24:55,364 - [Script 1] - INFO - Performing pre-launch cleanup...
2025-11-16 23:24:55,365 - [Script 1] - INFO - Performing pre-launch cleanup for Script 1
2025-11-16 23:24:56,427 - [Script 1] - INFO - Force cleaning Chrome processes for Script 1
2025-11-16 23:24:56,931 - [Script 1] - INFO - Pre-launch cleanup completed for Script 1
2025-11-16 23:24:56,931 - [Script 1] - INFO - Initializing browser...
2025-11-16 23:24:56,932 - [Script 1] - INFO - Attempting to create Chrome instance (attempt 1/5) for Script 1
2025-11-16 23:24:56,932 - [Script 1] - INFO - Profile directory: C:\Users\vinee\AppData\Local\Temp\chrome_profile_script_1_1763315696932_1621
2025-11-16 23:24:56,933 - [Script 1] - INFO - Debugging port: 9223
2025-11-16 23:24:56,933 - [Script 1] - INFO - Adding startup delay: 0.12 seconds
2025-11-16 23:24:58,493 - [Script 1] - INFO - Chrome instance created successfully for Script 1
2025-11-16 23:24:58,494 - [Script 1] - INFO - Navigating to https://judgments.ecourts.gov.in/pdfsearch/index.php
2025-11-16 23:25:05,645 - [Script 1] - INFO - Page loaded successfully.
2025-11-16 23:25:05,720 - [Script 1] - INFO - Captcha image saved as captcha_script_1.png
2025-11-16 23:25:05,720 - [Script 1] - INFO - Solving captcha...
2025-11-16 23:25:05,721 - [Script 1] - INFO - Attempting to solve captcha (attempt 1/15)...
2025-11-16 23:25:05,769 - [Script 1] - INFO - Captcha image captured
2025-11-16 23:25:06,832 - [Script 1] - INFO - Amazon Nova Lite Prediction: CKCEIE
2025-11-16 23:25:06,833 - [Script 1] - INFO - Filling captcha input field...
2025-11-16 23:25:06,972 - [Script 1] - INFO - Submitting the captcha...
2025-11-16 23:25:09,106 - [Script 1] - WARNING - Captcha validation error detected!
2025-11-16 23:25:09,108 - [Script 1] - WARNING - Captcha validation failed on attempt 1
2025-11-16 23:25:09,315 - [Script 1] - INFO - Captcha error modal closed
2025-11-16 23:25:10,316 - [Script 1] - INFO - Refreshing page and retrying captcha...
2025-11-16 23:25:13,592 - [Script 1] - INFO - Attempting to solve captcha (attempt 2/15)...
2025-11-16 23:25:13,650 - [Script 1] - INFO - Captcha image captured
2025-11-16 23:25:14,465 - [Script 1] - INFO - Amazon Nova Lite Prediction: 73FFa4
2025-11-16 23:25:14,468 - [Script 1] - INFO - Filling captcha input field...
2025-11-16 23:25:14,650 - [Script 1] - INFO - Submitting the captcha...
2025-11-16 23:25:16,771 - [Script 1] - WARNING - Captcha validation error detected!
2025-11-16 23:25:16,771 - [Script 1] - WARNING - Captcha validation failed on attempt 2
2025-11-16 23:25:16,841 - [Script 1] - INFO - Captcha error modal closed
2025-11-16 23:25:17,841 - [Script 1] - INFO - Refreshing page and retrying captcha...
2025-11-16 23:25:21,163 - [Script 1] - INFO - Attempting to solve captcha (attempt 3/15)...
2025-11-16 23:25:21,221 - [Script 1] - INFO - Captcha image captured
2025-11-16 23:25:21,948 - [Script 1] - INFO - Amazon Nova Lite Prediction: VNVF59
2025-11-16 23:25:21,949 - [Script 1] - INFO - Filling captcha input field...
2025-11-16 23:25:22,043 - [Script 1] - INFO - Submitting the captcha...
2025-11-16 23:25:24,133 - [Script 1] - WARNING - Captcha validation error detected!
2025-11-16 23:25:24,133 - [Script 1] - WARNING - Captcha validation failed on attempt 3
2025-11-16 23:25:24,212 - [Script 1] - INFO - Captcha error modal closed
2025-11-16 23:25:25,212 - [Script 1] - INFO - Refreshing page and retrying captcha...
2025-11-16 23:25:28,581 - [Script 1] - INFO - Attempting to solve captcha (attempt 4/15)...
2025-11-16 23:25:28,669 - [Script 1] - INFO - Captcha image captured
2025-11-16 23:25:29,403 - [Script 1] - INFO - Amazon Nova Lite Prediction: 5YWUDY
2025-11-16 23:25:29,403 - [Script 1] - INFO - Filling captcha input field...
2025-11-16 23:25:29,614 - [Script 1] - INFO - Submitting the captcha...
2025-11-16 23:25:31,771 - [Script 1] - WARNING - Captcha validation error detected!
2025-11-16 23:25:31,772 - [Script 1] - WARNING - Captcha validation failed on attempt 4
2025-11-16 23:25:31,874 - [Script 1] - INFO - Captcha error modal closed
2025-11-16 23:25:32,875 - [Script 1] - INFO - Refreshing page and retrying captcha...
2025-11-16 23:25:38,066 - [Script 1] - INFO - Attempting to solve captcha (attempt 5/15)...
2025-11-16 23:25:38,135 - [Script 1] - INFO - Captcha image captured
2025-11-16 23:25:39,112 - [Script 1] - INFO - Amazon Nova Lite Prediction: 1EP4MU
2025-11-16 23:25:39,113 - [Script 1] - INFO - Filling captcha input field...
2025-11-16 23:25:39,193 - [Script 1] - INFO - Submitting the captcha...
2025-11-16 23:25:41,271 - [Script 1] - WARNING - Captcha validation error detected!
2025-11-16 23:25:41,272 - [Script 1] - WARNING - Captcha validation failed on attempt 5
2025-11-16 23:25:41,326 - [Script 1] - INFO - Captcha error modal closed
2025-11-16 23:25:42,327 - [Script 1] - INFO - Refreshing page and retrying captcha...
2025-11-16 23:25:45,728 - [Script 1] - INFO - Attempting to solve captcha (attempt 6/15)...
2025-11-16 23:25:45,803 - [Script 1] - INFO - Captcha image captured
2025-11-16 23:25:46,516 - [Script 1] - INFO - Amazon Nova Lite Prediction: saCUW
2025-11-16 23:25:46,517 - [Script 1] - INFO - Filling captcha input field...
2025-11-16 23:25:46,597 - [Script 1] - INFO - Submitting the captcha...
2025-11-16 23:25:48,668 - [Script 1] - WARNING - Captcha validation error detected!
2025-11-16 23:25:48,668 - [Script 1] - WARNING - Captcha validation failed on attempt 6
2025-11-16 23:25:48,734 - [Script 1] - INFO - Captcha error modal closed
2025-11-16 23:25:49,736 - [Script 1] - INFO - Refreshing page and retrying captcha...
2025-11-16 23:25:53,104 - [Script 1] - INFO - Attempting to solve captcha (attempt 7/15)...
2025-11-16 23:25:53,166 - [Script 1] - INFO - Captcha image captured
2025-11-16 23:25:54,051 - [Script 1] - INFO - Amazon Nova Lite Prediction: prUcw2
2025-11-16 23:25:54,052 - [Script 1] - INFO - Filling captcha input field...
2025-11-16 23:25:54,106 - [Script 1] - INFO - Submitting the captcha...
2025-11-16 23:26:02,146 - [Script 1] - INFO - Captcha submitted successfully
2025-11-16 23:26:02,147 - [Script 1] - INFO - Captcha solved successfully
2025-11-16 23:26:02,147 - [Script 1] - INFO - Waiting for page to load...
2025-11-16 23:26:03,148 - [Script 1] - INFO - Waiting for loading modal to appear...
2025-11-16 23:26:18,246 - [Script 1] - INFO - Loading modal appeared, waiting for it to disappear...
2025-11-16 23:26:19,338 - [Script 1] - INFO - Loading modal disappeared.
2025-11-16 23:26:19,356 - [Script 1] - INFO - Page processing completed.
2025-11-16 23:26:21,507 - [Script 1] - INFO - Setting table display count to 100...
2025-11-16 23:26:21,507 - [Script 1] - INFO - Setting table display count to 100...
2025-11-16 23:26:22,737 - [Script 1] - INFO - Successfully set table display count to 100
2025-11-16 23:26:25,738 - [Script 1] - INFO - Starting page processing...
2025-11-16 23:26:25,738 - [Script 1] - INFO - Script execution started successfully
2025-11-16 23:26:25,739 - [Script 1] - INFO - Script 1 configured: Pages 1 to 2,559
2025-11-16 23:26:25,740 - [Script 1] - INFO - Total pages to process: 2,559
2025-11-16 23:26:25,774 - [Script 1] - INFO - Script 1: Resuming from page 1
2025-11-16 23:26:25,775 - [Script 1] - INFO - Script 1 will process pages 1 to 2559
2025-11-16 23:26:25,775 - [Script 1] - INFO - Resuming from previous session. Current page: 1, Files downloaded: 0
2025-11-16 23:26:25,776 - [Script 1] - INFO - Progress saved to D:\Judgements Scrapping\scrapping-app\scripts\script1\script1_progress.json
2025-11-16 23:26:25,777 - [Script 1] - INFO - 
=== Processing Page 1 ===
2025-11-16 23:26:25,777 - [Script 1] - INFO - Progress: Page 1 of 2559 (Script 1)
2025-11-16 23:26:25,777 - [Script 1] - INFO - Extracting table data...
2025-11-16 23:26:36,210 - [Script 1] - INFO - Extracted data for row 1: WP/12923/2016 of M. SEENAPPA, CHITTOOR DIST AND 3 ...
2025-11-16 23:26:36,343 - [Script 1] - INFO - Extracted data for row 2: WP(C)/1506/2023 of KEFAYAT AHMAD SOFI Vs UNION TER...
2025-11-16 23:26:36,443 - [Script 1] - INFO - Extracted data for row 3: WP(C)/2394/2023 of KEFAYAT AHMAD SOFI Vs UNION TER...
2025-11-16 23:26:36,529 - [Script 1] - INFO - Extracted data for row 4: APPLN/3569/2024 of TUSHAR SUDAMRAO SELUKAR AND ANO...
2025-11-16 23:26:36,608 - [Script 1] - INFO - Extracted data for row 5: SA/71/2025 of SANTANA HAZRA Vs SAMARJIT BOURI KSHE...
2025-11-16 23:26:36,686 - [Script 1] - INFO - Extracted data for row 6: CR. MISC./58558/2025 of Rohan Kumar Vs The State o...
2025-11-16 23:26:36,780 - [Script 1] - INFO - Extracted data for row 7: CR. MISC./66891/2025 of Arun Kumar Gautam Vs The S...
2025-11-16 23:26:36,867 - [Script 1] - INFO - Extracted data for row 8: CR. MISC./45185/2025 of Arvind Kumar @ Arvind Kuma...
2025-11-16 23:26:36,952 - [Script 1] - INFO - Extracted data for row 9: CR. MISC./51682/2025 of Kranti Devi @ Khranti Devi...
2025-11-16 23:26:37,034 - [Script 1] - INFO - Extracted data for row 10: CR. MISC./58263/2025 of Divyanshu Kumar @ Divyansh...
2025-11-16 23:26:37,110 - [Script 1] - INFO - Extracted data for row 11: CWJC/9309/2022 of Pramod Kumar Mishra Vs The State...
2025-11-16 23:26:37,262 - [Script 1] - INFO - Extracted data for row 12: CR. MISC./52237/2025 of Aakash Kumar Vs The State ...
2025-11-16 23:26:37,424 - [Script 1] - INFO - Extracted data for row 13: CR. MISC./58556/2025 of Ramanand Thakur Vs The Sta...
2025-11-16 23:26:37,523 - [Script 1] - INFO - Extracted data for row 14: MCA/54/2021 of DEEPAK MATHKAR Vs THE MAPUSA URBAN ...
2025-11-16 23:26:37,701 - [Script 1] - INFO - Extracted data for row 15: WPCR/81/2025 of Hemant Kambli Vs The State of Goa ...
2025-11-16 23:26:37,831 - [Script 1] - INFO - Extracted data for row 16: BA1/2095/2025 of MOHD RASHID Vs STATE OF UTTARAKHA...
2025-11-16 23:26:37,941 - [Script 1] - INFO - Extracted data for row 17: CR. MISC./52353/2025 of Sanjay Patel @ Sanjay Chau...
2025-11-16 23:26:38,074 - [Script 1] - INFO - Extracted data for row 18: CR. MISC./58511/2025 of Gultan Kumar @ Gulshan Kum...
2025-11-16 23:26:38,208 - [Script 1] - INFO - Extracted data for row 19: CR. MISC./52338/2025 of ARUN KUMAR SINGH @ ARUN SI...
2025-11-16 23:26:38,321 - [Script 1] - INFO - Extracted data for row 20: CR. MISC./64965/2025 of Guddu Kumar Vs The State o...
2025-11-16 23:26:38,437 - [Script 1] - INFO - Extracted data for row 21: CR. MISC./61731/2025 of Babloo Yadav Vs The State ...
2025-11-16 23:26:38,560 - [Script 1] - INFO - Extracted data for row 22: BA1/1059/2025 of BABLU Vs STATE OF UTTARAKHAND...
2025-11-16 23:26:38,654 - [Script 1] - INFO - Extracted data for row 23: MCA/311/2025 of CEDRIC DE SOUZA FARIA Vs IRIS DE S...
2025-11-16 23:26:38,733 - [Script 1] - INFO - Extracted data for row 24: CWJC/15783/2025 of Bansh Narayan Upadhyay Vs The S...
2025-11-16 23:26:38,818 - [Script 1] - INFO - Extracted data for row 25: CR. MISC./45237/2025 of Shyam Kumar Vs The State o...
2025-11-16 23:26:38,899 - [Script 1] - INFO - Extracted data for row 26: CR. MISC./68380/2025 of Md. Zubair Vs The State of...
2025-11-16 23:26:38,979 - [Script 1] - INFO - Extracted data for row 27: CR. MISC./45282/2025 of Brijnandan Yadav @ Brajnan...
2025-11-16 23:26:39,061 - [Script 1] - INFO - Extracted data for row 28: CR. MISC./58195/2025 of Amit Singh @ Amit Kumar Si...
2025-11-16 23:26:39,142 - [Script 1] - INFO - Extracted data for row 29: CR. MISC./45782/2025 of Chanchal Devi Vs The State...
2025-11-16 23:26:39,227 - [Script 1] - INFO - Extracted data for row 30: CR. MISC./53591/2025 of Mahendra Singh Vs The Stat...
2025-11-16 23:26:39,344 - [Script 1] - INFO - Extracted data for row 31: WP/428/2025 of DEVANAND A. NAIK AND 11 ORS Vs STAT...
2025-11-16 23:26:39,475 - [Script 1] - INFO - Extracted data for row 32: CR. MISC./45124/2025 of Jageshwar Yadav Vs The Sta...
2025-11-16 23:26:39,633 - [Script 1] - INFO - Extracted data for row 33: CR. MISC./45712/2025 of Sonu Kumar Vs The State of...
2025-11-16 23:26:39,755 - [Script 1] - INFO - Extracted data for row 34: CR. MISC./51937/2025 of Nitish Kumar Sah @ Nitish ...
2025-11-16 23:26:39,884 - [Script 1] - INFO - Extracted data for row 35: CR. MISC./46732/2025 of Archana Kumari Vs The Stat...
2025-11-16 23:26:39,976 - [Script 1] - INFO - Extracted data for row 36: CR. MISC./57547/2025 of Ashok Paswan Vs The State ...
2025-11-16 23:26:40,052 - [Script 1] - INFO - Extracted data for row 37: CR. MISC./64646/2025 of Bhim Rai @ Rajan Kumar @ B...
2025-11-16 23:26:40,132 - [Script 1] - INFO - Extracted data for row 38: CR. MISC./51449/2025 of Bhola Prasad Vs The State ...
2025-11-16 23:26:40,212 - [Script 1] - INFO - Extracted data for row 39: CR. MISC./52909/2025 of Bhola Singh @ Sheo Shankar...
2025-11-16 23:26:40,319 - [Script 1] - INFO - Extracted data for row 40: CR. MISC./58567/2025 of Dhannu Miyan @ Amirjad Aha...
2025-11-16 23:26:40,432 - [Script 1] - INFO - Extracted data for row 41: CR. MISC./51966/2025 of Mahboob Alam @ Lal Khan Vs...
2025-11-16 23:26:40,528 - [Script 1] - INFO - Extracted data for row 42: CR. MISC./58765/2025 of Pravesh Sao Vs The State o...
2025-11-16 23:26:40,613 - [Script 1] - INFO - Extracted data for row 43: CR. MISC./58740/2025 of Govind Mahto Vs The State ...
2025-11-16 23:26:40,718 - [Script 1] - INFO - Extracted data for row 44: CR. MISC./58756/2025 of Prabhu Sah Vs The State of...
2025-11-16 23:26:40,829 - [Script 1] - INFO - Extracted data for row 45: CR. MISC./67798/2025 of Vinod Chaudhary Vs The Sta...
2025-11-16 23:26:40,923 - [Script 1] - INFO - Extracted data for row 46: CR. MISC./46384/2025 of Nitish Kumar Vs The State ...
2025-11-16 23:26:41,005 - [Script 1] - INFO - Extracted data for row 47: CR. MISC./51554/2025 of Prince Kumar Yadav @ Princ...
2025-11-16 23:26:41,099 - [Script 1] - INFO - Extracted data for row 48: CR. MISC./45660/2025 of Rita Kumari Vs The State o...
2025-11-16 23:26:41,229 - [Script 1] - INFO - Extracted data for row 49: CR. MISC./51823/2025 of Anil Kumar @ Anil Yadav Vs...
2025-11-16 23:26:41,364 - [Script 1] - INFO - Extracted data for row 50: CR. MISC./58630/2025 of Md. Hamid Hussain @ Sonu V...
2025-11-16 23:26:41,465 - [Script 1] - INFO - Extracted data for row 51: BA1/2093/2025 of TASLEEM KHAN Vs STATE OF UTTARAKH...
2025-11-16 23:26:41,554 - [Script 1] - INFO - Extracted data for row 52: CR. MISC./55371/2025 of Rais Sah Vs The State of B...
2025-11-16 23:26:41,634 - [Script 1] - INFO - Extracted data for row 53: CR. MISC./58264/2025 of Ravindra Rai @ Bablu Vs Th...
2025-11-16 23:26:41,710 - [Script 1] - INFO - Extracted data for row 54: CR. MISC./61193/2025 of Jitendra Paswan Vs The Sta...
2025-11-16 23:26:41,797 - [Script 1] - INFO - Extracted data for row 55: CR. MISC./45158/2025 of Sawita Devi @ Savita Devi ...
2025-11-16 23:26:41,876 - [Script 1] - INFO - Extracted data for row 56: CR. MISC./46405/2025 of Chandan Kumar Bharti Vs Th...
2025-11-16 23:26:41,965 - [Script 1] - INFO - Extracted data for row 57: CR. MISC./58225/2025 of Rajo Rishi Vs The State of...
2025-11-16 23:26:42,075 - [Script 1] - INFO - Extracted data for row 58: CR. MISC./46001/2025 of Brajesh Jha @ Mankhush Jha...
2025-11-16 23:26:42,166 - [Script 1] - INFO - Extracted data for row 59: CR. MISC./58760/2025 of Chandrashekhar Kumar Vs Th...
2025-11-16 23:26:42,246 - [Script 1] - INFO - Extracted data for row 60: CR. MISC./51922/2025 of Sonu Kumar @ Sandip @ Sand...
2025-11-16 23:26:42,323 - [Script 1] - INFO - Extracted data for row 61: CR. MISC./46332/2025 of Kamli Devi Vs The State of...
2025-11-16 23:26:42,412 - [Script 1] - INFO - Extracted data for row 62: CR. MISC./46411/2025 of Bina Devi Vs The State of ...
2025-11-16 23:26:42,514 - [Script 1] - INFO - Extracted data for row 63: CR. MISC./51736/2025 of Baidyanath Mukhiya Vs The ...
2025-11-16 23:26:42,591 - [Script 1] - INFO - Extracted data for row 64: CR. MISC./45867/2025 of Amin Khan Vs The State of ...
2025-11-16 23:26:42,670 - [Script 1] - INFO - Extracted data for row 65: CR. MISC./58198/2025 of MD. ALAUDDIN ANSARI @ ALAU...
2025-11-16 23:26:42,747 - [Script 1] - INFO - Extracted data for row 66: CWJC/15588/2025 of Manoj Kumar Vs The State of Bih...
2025-11-16 23:26:42,822 - [Script 1] - INFO - Extracted data for row 67: CR. MISC./51870/2025 of Chandan kumar Vs The State...
2025-11-16 23:26:42,909 - [Script 1] - INFO - Extracted data for row 68: CR. MISC./51926/2025 of RAJNIKANT GUPTA @ RAJNIKAN...
2025-11-16 23:26:42,986 - [Script 1] - INFO - Extracted data for row 69: MCA/400/2024 of JUINO DE SOUZA Vs STATE OF GOA, TH...
2025-11-16 23:26:43,069 - [Script 1] - INFO - Extracted data for row 70: CR. MISC./78971/2025 of Amirullah Ansari @ Alam Vs...
2025-11-16 23:26:43,132 - [Script 1] - INFO - Extracted data for row 71: CWJC/15649/2025 of Anita Devi Vs The State of Biha...
2025-11-16 23:26:43,209 - [Script 1] - INFO - Extracted data for row 72: CR. MISC./58548/2025 of Rishi Lal Sharma Vs The St...
2025-11-16 23:26:43,287 - [Script 1] - INFO - Extracted data for row 73: CR. MISC./58193/2025 of Chandan Kumar Yadav Vs The...
2025-11-16 23:26:43,360 - [Script 1] - INFO - Extracted data for row 74: MCA/313/2025 of AMITA ANKUSH RAUL Vs JAYKARAN MALL...
2025-11-16 23:26:43,440 - [Script 1] - INFO - Extracted data for row 75: MCA/312/2025 of CEDRIC DE SOUZA FARIA Vs IRIS DE S...
2025-11-16 23:26:43,527 - [Script 1] - INFO - Extracted data for row 76: CR. MISC./64602/2025 of Vivek Kumar Vs The State o...
2025-11-16 23:26:43,600 - [Script 1] - INFO - Extracted data for row 77: CAW/2243/2025 of AUGUSTINE S/O. ANTHONY THOMAS Vs ...
2025-11-16 23:26:43,666 - [Script 1] - INFO - Extracted data for row 78: ALP/147/2023 of RAMAKANT GANGADHAR SURKUTWAR Vs GA...
2025-11-16 23:26:43,783 - [Script 1] - INFO - Extracted data for row 79: MCA/529/2025 of SUHAS LAXMAN GADE Vs STATE OF MAHA...
2025-11-16 23:26:43,884 - [Script 1] - INFO - Extracted data for row 80: CRM-M/53793/2025 of BALWANT SINGH Vs STATE OF PUNJ...
2025-11-16 23:26:43,964 - [Script 1] - INFO - Extracted data for row 81: COCP/400/2024 of JASWANT SINGH AND ORS. Vs MAHAVIR...
2025-11-16 23:26:44,051 - [Script 1] - INFO - Extracted data for row 82: CRM-M/62862/2025 of JASPAL SINGH ALIAS MANI Vs STA...
2025-11-16 23:26:44,143 - [Script 1] - INFO - Extracted data for row 83: CWP/32957/2025 of DR RITU MITTAL AND ANOTHER Vs PA...
2025-11-16 23:26:44,229 - [Script 1] - INFO - Extracted data for row 84: CRLW/1145/2025 of KAJAL W/O DHARMENDRA SINGH, D/O ...
2025-11-16 23:26:44,311 - [Script 1] - INFO - Extracted data for row 85: /21687/2025 of Nadeem Akhtar Vs The State of Bihar...
2025-11-16 23:26:44,402 - [Script 1] - INFO - Extracted data for row 86: CR. MISC./70465/2025 of Suraj Singh Vs The State o...
2025-11-16 23:26:44,483 - [Script 1] - INFO - Extracted data for row 87: CR. MISC./56695/2025 of Ajay Das @ Ajay Kumar @ Aj...
2025-11-16 23:26:44,566 - [Script 1] - INFO - Extracted data for row 88: CR. MISC./63283/2025 of Natwar Choudhary @ Natwar ...
2025-11-16 23:26:44,649 - [Script 1] - INFO - Extracted data for row 89: MJC/409/2025 of Md. Naeem Vs The State of Bihar...
2025-11-16 23:26:44,741 - [Script 1] - INFO - Extracted data for row 90: CR. MISC./48994/2025 of Aman Sharma @ Aman Akash S...
2025-11-16 23:26:44,825 - [Script 1] - INFO - Extracted data for row 91: CR. APP (SJ)/5289/2024 of Satyendra Kumar Vs The S...
2025-11-16 23:26:44,917 - [Script 1] - INFO - Extracted data for row 92: FAO/37/2015 of SEEMA NEPALI Vs SHIV LAL...
2025-11-16 23:26:45,004 - [Script 1] - INFO - Extracted data for row 93: CRLP/14355/2025 of Gogu Rambabu Vs The State Of Te...
2025-11-16 23:26:45,088 - [Script 1] - INFO - Extracted data for row 94: CRLP/14195/2025 of Saurav Kumar Gupta Vs State of ...
2025-11-16 23:26:45,168 - [Script 1] - INFO - Extracted data for row 95: CRLP/14159/2025 of Bhasyam Venkat Mohit Kumar Vs T...
2025-11-16 23:26:45,251 - [Script 1] - INFO - Extracted data for row 96: CRLP/13914/2025 of Konduru Imtiyaz Vs The State of...
2025-11-16 23:26:45,334 - [Script 1] - INFO - Extracted data for row 97: ABLAPL/11987/2025 of ASHOK KUMAR ROUT Vs STATE OF ...
2025-11-16 23:26:45,422 - [Script 1] - INFO - Extracted data for row 98: WPA/2684/2025 of JANARUL SHAIKH Vs THE STATE OF WE...
2025-11-16 23:26:45,518 - [Script 1] - INFO - Extracted data for row 99: WPA/9399/2025 of MOKSHED SK. Vs STATE OF WEST BENG...
2025-11-16 23:26:45,613 - [Script 1] - INFO - Extracted data for row 100: CPAN/443/2025 of SWAPNA ROYCHOWDHURY AND ORS Vs SH...
2025-11-16 23:26:45,614 - [Script 1] - INFO - Successfully extracted data for 100 judgments
2025-11-16 23:26:45,614 - [Script 1] - INFO - Found 100 judgments on page 1
2025-11-16 23:26:45,614 - [Script 1] - INFO - 
--- Processing batch 1-25 on page 1 (Total on page: 100) ---
2025-11-16 23:26:46,637 - [Script 1] - INFO - Processing file 1/100 on page 1: WP/12923/2016 of M. SEENAPPA, CHITTOOR DIST AND 3 ...
2025-11-16 23:26:46,638 - [Script 1] - INFO - Downloading PDF for: WP/12923/2016 of M. SEENAPPA, CHITTOOR DIST AND 3 ...
2025-11-16 23:26:48,922 - [Script 1] - INFO - Modal appeared, waiting for PDF to load...
2025-11-16 23:26:51,941 - [Script 1] - INFO - Found 1 objects with selector: object[data*='.pdf']
2025-11-16 23:26:51,961 - [Script 1] - INFO - Object URL: https://judgments.ecourts.gov.in/pdfsearch/tmp/97572e44bf960f59a69610c3e7b3ca865112657cff7f4b2966d644e8f5a82d6d1763315803.pdf
2025-11-16 23:26:51,977 - [Script 1] - INFO - Attempting to download from: https://judgments.ecourts.gov.in/pdfsearch/tmp/97572e44bf960f59a69610c3e7b3ca865112657cff7f4b2966d644e8f5a82d6d1763315803.pdf
2025-11-16 23:26:52,727 - [Script 1] - INFO - Successfully fetched PDF content (9007 bytes)
2025-11-16 23:26:52,730 - [Script 1] - INFO - Successfully downloaded: WP_12923_2016_of_M._SEENAPPA,_CHITTOOR_DIST_AND_3_OTHERS_Vs_PRL_SECY,_ANIMAL_HUSBANDRY_DAIRY_DEV._AND_FISHERIES_DEPT.,_HYD_CNR_APHC010460892016_1763315796198.pdf
2025-11-16 23:26:52,731 - [Script 1] - ERROR -  EXCEPTION during PDF download
2025-11-16 23:26:52,732 - [Script 1] - ERROR -  Case: WP/12923/2016 of M. SEENAPPA, CHITTOOR DIST AND 3 
2025-11-16 23:26:52,732 - [Script 1] - ERROR -  CNR: APHC010460892016
2025-11-16 23:26:52,733 - [Script 1] - ERROR -  Error: name 'INSTANCE_ID' is not defined
2025-11-16 23:26:52,733 - [Script 1] - ERROR -  Error type: NameError
2025-11-16 23:26:52,755 - [Script 1] - INFO - Found open modal, attempting to close...
2025-11-16 23:26:52,849 - [Script 1] - INFO - Modal close button clicked
2025-11-16 23:26:53,403 - [Script 1] - INFO - Modal closed successfully
2025-11-16 23:26:53,407 - [Script 1] - WARNING - Download failed, retry 1/2
2025-11-16 23:26:55,407 - [Script 1] - INFO - Downloading PDF for: WP/12923/2016 of M. SEENAPPA, CHITTOOR DIST AND 3 ...
2025-11-16 23:26:57,613 - [Script 1] - INFO - Modal appeared, waiting for PDF to load...
2025-11-16 23:27:00,621 - [Script 1] - INFO - Found 1 objects with selector: object[data*='.pdf']
2025-11-16 23:27:00,631 - [Script 1] - INFO - Object URL: https://judgments.ecourts.gov.in/pdfsearch/tmp/795dae965df27913841b6574e8fed6c34c762e1ae0f3966e23bb8f906b6e16da1763315812.pdf
2025-11-16 23:27:00,639 - [Script 1] - INFO - Attempting to download from: https://judgments.ecourts.gov.in/pdfsearch/tmp/795dae965df27913841b6574e8fed6c34c762e1ae0f3966e23bb8f906b6e16da1763315812.pdf
2025-11-16 23:27:01,190 - [Script 1] - INFO - Successfully fetched PDF content (9007 bytes)
2025-11-16 23:27:01,191 - [Script 1] - INFO - Successfully downloaded: WP_12923_2016_of_M._SEENAPPA,_CHITTOOR_DIST_AND_3_OTHERS_Vs_PRL_SECY,_ANIMAL_HUSBANDRY_DAIRY_DEV._AND_FISHERIES_DEPT.,_HYD_CNR_APHC010460892016_1763315796198.pdf
2025-11-16 23:27:01,191 - [Script 1] - ERROR -  EXCEPTION during PDF download
2025-11-16 23:27:01,192 - [Script 1] - ERROR -  Case: WP/12923/2016 of M. SEENAPPA, CHITTOOR DIST AND 3 
2025-11-16 23:27:01,192 - [Script 1] - ERROR -  CNR: APHC010460892016
2025-11-16 23:27:01,192 - [Script 1] - ERROR -  Error: name 'INSTANCE_ID' is not defined
2025-11-16 23:27:01,192 - [Script 1] - ERROR -  Error type: NameError
2025-11-16 23:27:01,214 - [Script 1] - INFO - Found open modal, attempting to close...
2025-11-16 23:27:01,295 - [Script 1] - INFO - Modal close button clicked
2025-11-16 23:27:01,853 - [Script 1] - INFO - Modal closed successfully
2025-11-16 23:27:01,857 - [Script 1] - WARNING - Download failed, retry 2/2
2025-11-16 23:27:03,857 - [Script 1] - ERROR - Failed to download: WP/12923/2016 of M. SEENAPPA, CHITTOOR DIST AND 3 
2025-11-16 23:27:03,859 - [Script 1] - INFO - Progress saved to D:\Judgements Scrapping\scrapping-app\scripts\script1\script1_progress.json
2025-11-16 23:27:03,860 - [Script 1] - INFO - Progress: 0 files downloaded | Elapsed: 369.85s | Avg: 0.00s/file
2025-11-16 23:27:04,861 - [Script 1] - INFO - Processing file 2/100 on page 1: WP(C)/1506/2023 of KEFAYAT AHMAD SOFI Vs UNION TER...
2025-11-16 23:27:04,862 - [Script 1] - INFO - Downloading PDF for: WP(C)/1506/2023 of KEFAYAT AHMAD SOFI Vs UNION TER...
2025-11-16 23:27:07,179 - [Script 1] - INFO - Modal appeared, waiting for PDF to load...
2025-11-16 23:27:10,191 - [Script 1] - INFO - Found 1 objects with selector: object[data*='.pdf']
2025-11-16 23:27:10,216 - [Script 1] - INFO - Object URL: https://judgments.ecourts.gov.in/pdfsearch/tmp/ccc24045736a163bf7dd3364cb8dfc0fa64577494024a4eba2bc2dbf38edd7831763315822.pdf
2025-11-16 23:27:10,234 - [Script 1] - INFO - Attempting to download from: https://judgments.ecourts.gov.in/pdfsearch/tmp/ccc24045736a163bf7dd3364cb8dfc0fa64577494024a4eba2bc2dbf38edd7831763315822.pdf
