2025-11-04 11:04:49,397 - [Script 6] - INFO - AWS clients initialized successfully
2025-11-04 11:04:49,397 - [Script 6] - INFO - ================================================================================
2025-11-04 11:04:49,397 - [Script 6] - INFO - Starting Script 6
2025-11-04 11:04:49,397 - [Script 6] - INFO - Page Range: 12,796 to 15,354
2025-11-04 11:04:49,397 - [Script 6] - INFO - Debugging Port: 9228
2025-11-04 11:04:49,397 - [Script 6] - INFO - Profile Directory: C:/temp/chrome_profile_script_6_*
2025-11-04 11:04:49,397 - [Script 6] - INFO - ================================================================================
2025-11-04 11:04:49,397 - [Script 6] - INFO - Performing pre-launch cleanup...
2025-11-04 11:04:49,398 - [Script 6] - INFO - Performing pre-launch cleanup for Script 6
2025-11-04 11:04:50,404 - [Script 6] - INFO - Force cleaning Chrome processes for Script 6
2025-11-04 11:04:50,455 - [Script 6] - INFO - Pre-launch cleanup completed for Script 6
2025-11-04 11:04:50,455 - [Script 6] - INFO - Initializing browser...
2025-11-04 11:04:50,455 - [Script 6] - INFO - Attempting to create Chrome instance (attempt 1/3) for Script 6
2025-11-04 11:04:51,532 - [Script 6] - INFO - Chrome instance created successfully for Script 6
2025-11-04 11:04:51,532 - [Script 6] - INFO - Navigating to https://judgments.ecourts.gov.in/pdfsearch/index.php
2025-11-04 11:04:53,064 - [Script 6] - INFO - Page loaded successfully.
2025-11-04 11:04:53,132 - [Script 6] - INFO - Captcha image saved as captcha.png
2025-11-04 11:04:53,133 - [Script 6] - INFO - Solving captcha...
2025-11-04 11:04:53,133 - [Script 6] - INFO - Attempting to solve captcha (attempt 1/3)...
2025-11-04 11:04:53,200 - [Script 6] - INFO - Captcha image captured
