2025-11-16 23:26:00,569 - [Script 3] - INFO - AWS Bedrock and S3 clients initialized successfully
2025-11-16 23:26:00,569 - [Script 3] - INFO - ================================================================================
2025-11-16 23:26:00,569 - [Script 3] - INFO - Starting Script 3
2025-11-16 23:26:00,569 - [Script 3] - INFO - Page Range: 5,119 to 7,677
2025-11-16 23:26:00,570 - [Script 3] - INFO - Debugging Port: 9225
2025-11-16 23:26:00,570 - [Script 3] - INFO - Profile Directory: C:\Users\vinee\AppData\Local\Temp\chrome_profile_script_3_*
2025-11-16 23:26:00,571 - [Script 3] - INFO - ================================================================================
2025-11-16 23:26:00,571 - [Script 3] - INFO - Performing pre-launch cleanup...
2025-11-16 23:26:00,571 - [Script 3] - INFO - Performing pre-launch cleanup for Script 3
2025-11-16 23:26:01,592 - [Script 3] - INFO - Force cleaning Chrome processes for Script 3
2025-11-16 23:26:02,301 - [Script 3] - INFO - Pre-launch cleanup completed for Script 3
2025-11-16 23:26:02,301 - [Script 3] - INFO - Initializing browser...
2025-11-16 23:26:02,301 - [Script 3] - INFO - Attempting to create Chrome instance (attempt 1/5) for Script 3
2025-11-16 23:26:02,302 - [Script 3] - INFO - Profile directory: C:\Users\vinee\AppData\Local\Temp\chrome_profile_script_3_1763315762301_9076
2025-11-16 23:26:02,302 - [Script 3] - INFO - Debugging port: 9225
2025-11-16 23:26:02,302 - [Script 3] - INFO - Adding startup delay: 0.50 seconds
2025-11-16 23:26:04,228 - [Script 3] - INFO - Chrome instance created successfully for Script 3
2025-11-16 23:26:04,229 - [Script 3] - INFO - Navigating to https://judgments.ecourts.gov.in/pdfsearch/index.php
2025-11-16 23:26:07,553 - [Script 3] - INFO - Page loaded successfully.
2025-11-16 23:26:07,653 - [Script 3] - INFO - Captcha image saved as captcha_script_3.png
2025-11-16 23:26:07,654 - [Script 3] - INFO - Solving captcha...
2025-11-16 23:26:07,654 - [Script 3] - INFO - Attempting to solve captcha (attempt 1/15)...
2025-11-16 23:26:07,745 - [Script 3] - INFO - Captcha image captured
2025-11-16 23:26:08,734 - [Script 3] - INFO - Amazon Nova Lite Prediction: WSFZSM
2025-11-16 23:26:08,736 - [Script 3] - INFO - Filling captcha input field...
2025-11-16 23:26:08,928 - [Script 3] - INFO - Submitting the captcha...
2025-11-16 23:26:11,074 - [Script 3] - WARNING - Captcha validation error detected!
2025-11-16 23:26:11,075 - [Script 3] - WARNING - Captcha validation failed on attempt 1
2025-11-16 23:26:11,191 - [Script 3] - INFO - Captcha error modal closed
2025-11-16 23:26:12,191 - [Script 3] - INFO - Refreshing page and retrying captcha...
2025-11-16 23:26:16,897 - [Script 3] - INFO - Attempting to solve captcha (attempt 2/15)...
2025-11-16 23:26:16,969 - [Script 3] - INFO - Captcha image captured
2025-11-16 23:26:18,097 - [Script 3] - INFO - Amazon Nova Lite Prediction: spd18s
2025-11-16 23:26:18,098 - [Script 3] - INFO - Filling captcha input field...
2025-11-16 23:26:18,255 - [Script 3] - INFO - Submitting the captcha...
2025-11-16 23:26:20,366 - [Script 3] - WARNING - Captcha validation error detected!
2025-11-16 23:26:20,366 - [Script 3] - WARNING - Captcha validation failed on attempt 2
2025-11-16 23:26:20,453 - [Script 3] - INFO - Captcha error modal closed
2025-11-16 23:26:21,454 - [Script 3] - INFO - Refreshing page and retrying captcha...
2025-11-16 23:26:25,191 - [Script 3] - INFO - Attempting to solve captcha (attempt 3/15)...
2025-11-16 23:26:25,268 - [Script 3] - INFO - Captcha image captured
2025-11-16 23:26:26,065 - [Script 3] - INFO - Amazon Nova Lite Prediction: 3TRA6V
2025-11-16 23:26:26,065 - [Script 3] - INFO - Filling captcha input field...
2025-11-16 23:26:26,196 - [Script 3] - INFO - Submitting the captcha...
2025-11-16 23:26:28,291 - [Script 3] - WARNING - Captcha validation error detected!
2025-11-16 23:26:28,291 - [Script 3] - WARNING - Captcha validation failed on attempt 3
2025-11-16 23:26:28,388 - [Script 3] - INFO - Captcha error modal closed
2025-11-16 23:26:29,389 - [Script 3] - INFO - Refreshing page and retrying captcha...
2025-11-16 23:26:34,120 - [Script 3] - INFO - Attempting to solve captcha (attempt 4/15)...
2025-11-16 23:26:34,184 - [Script 3] - INFO - Captcha image captured
2025-11-16 23:26:34,994 - [Script 3] - INFO - Amazon Nova Lite Prediction: MVMnFy
2025-11-16 23:26:34,994 - [Script 3] - INFO - Filling captcha input field...
2025-11-16 23:26:35,098 - [Script 3] - INFO - Submitting the captcha...
2025-11-16 23:26:50,811 - [Script 3] - INFO - Captcha submitted successfully
2025-11-16 23:26:50,811 - [Script 3] - INFO - Captcha solved successfully
2025-11-16 23:26:50,811 - [Script 3] - INFO - Waiting for page to load...
2025-11-16 23:26:51,812 - [Script 3] - INFO - Waiting for loading modal to appear...
2025-11-16 23:27:01,950 - [Script 3] - INFO - Loading modal might not have appeared or was too quick: Message: 

2025-11-16 23:27:01,992 - [Script 3] - INFO - Page processing completed.
2025-11-16 23:27:04,153 - [Script 3] - INFO - Setting table display count to 100...
2025-11-16 23:27:04,154 - [Script 3] - INFO - Setting table display count to 100...
2025-11-16 23:27:05,432 - [Script 3] - INFO - Successfully set table display count to 100
2025-11-16 23:27:08,433 - [Script 3] - INFO - Starting page processing...
2025-11-16 23:27:08,433 - [Script 3] - INFO - Script execution started successfully
2025-11-16 23:27:08,434 - [Script 3] - INFO - Script 3 configured: Pages 5,119 to 7,677
2025-11-16 23:27:08,435 - [Script 3] - INFO - Total pages to process: 2,559
2025-11-16 23:27:08,454 - [Script 3] - INFO - Script 3: Resuming from page 5119
2025-11-16 23:27:08,455 - [Script 3] - INFO - Script 3 will process pages 5119 to 7677
2025-11-16 23:27:08,455 - [Script 3] - INFO - Starting new comprehensive PDF download process...
2025-11-16 23:27:08,456 - [Script 3] - INFO - Progress saved to D:\Judgements Scrapping\scrapping-app\scripts\script3\script3_progress.json
2025-11-16 23:27:08,457 - [Script 3] - INFO - Navigating to starting page 5119...
2025-11-16 23:27:08,745 - [Script 3] - INFO - Navigating to page 5119 using DataTables API...
2025-11-16 23:27:08,754 - [Script 3] - INFO - Using DataTables API to jump directly to page 5119
2025-11-16 23:27:13,323 - [Script 3] - INFO - ✓ Successfully navigated to page 5119
2025-11-16 23:27:13,323 - [Script 3] - INFO - 
=== Processing Page 5119 ===
2025-11-16 23:27:13,323 - [Script 3] - INFO - Progress: Page 5119 of 7677 (Script 3)
2025-11-16 23:27:13,323 - [Script 3] - INFO - Extracting table data...
2025-11-16 23:27:13,560 - [Script 3] - INFO - Extracted data for row 1: WPA/1791/2025 of R.B. CONSTRUCTION Vs THE STATE OF...
2025-11-16 23:27:13,709 - [Script 3] - INFO - Extracted data for row 2: WPA/24207/2025 of MILAN KANTI PAL Vs STATE OF WEST...
2025-11-16 23:27:13,875 - [Script 3] - ERROR - Error extracting data from row 3: ('Connection aborted.', ConnectionResetError(10054, 'An existing connection was forcibly closed by the remote host', None, 10054, None))
